2025-04-10 10:11:33 | ERROR | PID:30464 | Error loading worker module url_rewriter_para_worker: cannot import name 'ScraperService' from 'app.workers.worker_url_rewriter_para.scraper_lmabda' (C:\Users\DELL\Desktop\botxbyte\rabbitmq-flask-service-main\app\workers\worker_url_rewriter_para\scraper_lmabda.py)
2025-04-10 10:11:48 | ERROR | PID:30464 | Error in create_queue: 
2025-04-10 10:12:51 | ERROR | PID:23464 | Error in list_queues: HTTPConnectionPool(host='localhost', port=15672): Max retries exceeded with url: /api/queues (Caused by NewConnectionError('<urllib3.connection.HTTPConnection object at 0x000001DB32E39B40>: Failed to establish a new connection: [WinError 10061] No connection could be made because the target machine actively refused it'))
2025-04-10 10:16:17 | INFO | PID:24752 | Queue 'article-input-queue' created successfully
2025-04-10 10:16:54 | ERROR | PID:24752 | Error loading worker module url_rewriter_para_worker: cannot import name 'ScraperService' from 'app.workers.worker_url_rewriter_para.scraper_lmabda' (C:\Users\DELL\Desktop\botxbyte\rabbitmq-flask-service-main\app\workers\worker_url_rewriter_para\scraper_lmabda.py)
2025-04-10 10:17:14 | ERROR | PID:24752 | Error loading worker module url_rewriter_para_worker: cannot import name 'ScraperService' from 'app.workers.worker_url_rewriter_para.scraper_lmabda' (C:\Users\DELL\Desktop\botxbyte\rabbitmq-flask-service-main\app\workers\worker_url_rewriter_para\scraper_lmabda.py)
2025-04-10 10:17:27 | ERROR | PID:24752 | Error loading worker module url_rewriter_para_worker: cannot import name 'ScraperService' from 'app.workers.worker_url_rewriter_para.scraper_lmabda' (C:\Users\DELL\Desktop\botxbyte\rabbitmq-flask-service-main\app\workers\worker_url_rewriter_para\scraper_lmabda.py)
2025-04-10 10:17:46 | ERROR | PID:24752 | Error loading worker module url_rewriter_para_worker: cannot import name 'ScraperService' from 'app.workers.worker_url_rewriter_para.scraper_lmabda' (C:\Users\DELL\Desktop\botxbyte\rabbitmq-flask-service-main\app\workers\worker_url_rewriter_para\scraper_lmabda.py)
2025-04-10 10:18:11 | ERROR | PID:24752 | Error loading worker module url_rewriter_para_worker: cannot import name 'ScraperService' from 'app.workers.worker_url_rewriter_para.scraper_lmabda' (C:\Users\DELL\Desktop\botxbyte\rabbitmq-flask-service-main\app\workers\worker_url_rewriter_para\scraper_lmabda.py)
2025-04-10 10:18:32 | ERROR | PID:29244 | Error loading worker module url_rewriter_para_worker: cannot import name 'ScraperService' from 'app.workers.worker_url_rewriter_para.scraper_lmabda' (C:\Users\DELL\Desktop\botxbyte\rabbitmq-flask-service-main\app\workers\worker_url_rewriter_para\scraper_lmabda.py)
2025-04-10 10:19:31 | ERROR | PID:29244 | Error loading worker module url_rewriter_para_worker: cannot import name 'ScraperService' from 'app.workers.worker_url_rewriter_para.scraper_lmabda' (C:\Users\DELL\Desktop\botxbyte\rabbitmq-flask-service-main\app\workers\worker_url_rewriter_para\scraper_lmabda.py)
2025-04-10 10:19:33 | ERROR | PID:29244 | Error loading worker module url_rewriter_para_worker: cannot import name 'ScraperService' from 'app.workers.worker_url_rewriter_para.scraper_lmabda' (C:\Users\DELL\Desktop\botxbyte\rabbitmq-flask-service-main\app\workers\worker_url_rewriter_para\scraper_lmabda.py)
2025-04-10 10:19:35 | ERROR | PID:29244 | Error loading worker module url_rewriter_para_worker: cannot import name 'ScraperService' from 'app.workers.worker_url_rewriter_para.scraper_lmabda' (C:\Users\DELL\Desktop\botxbyte\rabbitmq-flask-service-main\app\workers\worker_url_rewriter_para\scraper_lmabda.py)
2025-04-10 10:19:47 | INFO | PID:29244 | Queue 'article-input-queue' created successfully
2025-04-10 10:19:58 | ERROR | PID:29244 | Error loading worker module url_rewriter_para_worker: cannot import name 'ScraperService' from 'app.workers.worker_url_rewriter_para.scraper_lmabda' (C:\Users\DELL\Desktop\botxbyte\rabbitmq-flask-service-main\app\workers\worker_url_rewriter_para\scraper_lmabda.py)
2025-04-10 10:20:33 | ERROR | PID:1584 | Error loading worker module url_rewriter_para_worker: cannot import name 'ScraperService' from 'app.workers.worker_url_rewriter_para.scraper_lmabda' (C:\Users\DELL\Desktop\botxbyte\rabbitmq-flask-service-main\app\workers\worker_url_rewriter_para\scraper_lmabda.py)
2025-04-10 10:20:38 | INFO | PID:1584 | Queue 'article-input-queue' created successfully
2025-04-10 10:20:43 | ERROR | PID:1584 | Error loading worker module url_rewriter_para_worker: cannot import name 'ScraperService' from 'app.workers.worker_url_rewriter_para.scraper_lmabda' (C:\Users\DELL\Desktop\botxbyte\rabbitmq-flask-service-main\app\workers\worker_url_rewriter_para\scraper_lmabda.py)
2025-04-10 10:22:27 | INFO | PID:1584 | Queue 'article-input-queue' created successfully
2025-04-10 10:22:39 | ERROR | PID:1584 | Error loading worker module url_rewriter_para_worker: cannot import name 'ScraperService' from 'app.workers.worker_url_rewriter_para.scraper_lmabda' (C:\Users\DELL\Desktop\botxbyte\rabbitmq-flask-service-main\app\workers\worker_url_rewriter_para\scraper_lmabda.py)
2025-04-10 10:24:51 | INFO | PID:8256 | Found 0 existing workers for url_rewriter_para_worker on article-input-queue
2025-04-10 10:24:54 | INFO | PID:8256 | Started worker process 28964
2025-04-10 10:27:53 | INFO | PID:14520 | Found 0 existing workers for url_rewriter_para_worker on article-input-queue
2025-04-10 10:27:56 | INFO | PID:14520 | Started worker process 20248
2025-04-10 10:49:45 | INFO | PID:25932 | Found 0 existing workers for url_rewriter_para_worker on article-input-queue
2025-04-10 10:49:48 | INFO | PID:25932 | Started worker process 15764
2025-04-10 10:52:48 | INFO | PID:27052 | Found 0 existing workers for url_rewriter_para_worker on article-input-queue
2025-04-10 10:52:51 | INFO | PID:27052 | Started worker process 24208
2025-04-10 10:56:04 | INFO | PID:3888 | Found 0 existing workers for url_rewriter_para_worker on article-input-queue
2025-04-10 10:56:07 | INFO | PID:3888 | Started worker process 30168
2025-04-10 10:57:21 | INFO | PID:4000 | Found 0 existing workers for url_rewriter_para_worker on article-input-queue
2025-04-10 10:57:24 | INFO | PID:4000 | Started worker process 31212
2025-04-10 10:58:17 | INFO | PID:14428 | Found 0 existing workers for url_rewriter_para_worker on article-input-queue
2025-04-10 10:58:20 | INFO | PID:14428 | Started worker process 26808
2025-04-10 11:01:33 | INFO | PID:16104 | Found 0 existing workers for url_rewriter_para_worker on article-input-queue
2025-04-10 11:01:36 | INFO | PID:16104 | Started worker process 25480
2025-04-10 11:33:46 | INFO | PID:28532 | Found 0 existing workers for url_rewriter_para_worker on article-input-queue
2025-04-10 11:33:49 | INFO | PID:28532 | Started worker process 22872
2025-04-10 11:38:59 | INFO | PID:27796 | Found 0 existing workers for url_rewriter_para_worker on article-input-queue
2025-04-10 11:39:02 | INFO | PID:27796 | Started worker process 2064
2025-04-10 11:40:05 | INFO | PID:11160 | Found 0 existing workers for url_rewriter_para_worker on article-input-queue
2025-04-10 11:40:08 | INFO | PID:11160 | Started worker process 22856
2025-04-10 11:41:52 | INFO | PID:17320 | Found 0 existing workers for url_rewriter_para_worker on article-input-queue
2025-04-10 11:41:55 | INFO | PID:17320 | Started worker process 11772
2025-04-10 11:44:03 | INFO | PID:4748 | Found 0 existing workers for url_rewriter_para_worker on article-input-queue
2025-04-10 11:44:06 | INFO | PID:4748 | Started worker process 9300
2025-04-10 11:49:02 | INFO | PID:1968 | Found 0 existing workers for url_rewriter_para_worker on article-input-queue
2025-04-10 11:49:05 | INFO | PID:1968 | Started worker process 14228
2025-04-10 11:50:39 | INFO | PID:11608 | Found 0 existing workers for url_rewriter_para_worker on article-input-queue
2025-04-10 11:50:42 | INFO | PID:11608 | Started worker process 7072
2025-04-10 11:55:00 | INFO | PID:10704 | Found 0 existing workers for url_rewriter_para_worker on article-input-queue
2025-04-10 11:55:03 | INFO | PID:10704 | Started worker process 30368
2025-04-10 11:57:13 | INFO | PID:6296 | Found 0 existing workers for url_rewriter_para_worker on article-input-queue
2025-04-10 11:57:16 | INFO | PID:6296 | Started worker process 21868
2025-04-10 12:02:53 | INFO | PID:1972 | Found 0 existing workers for url_rewriter_para_worker on article-input-queue
2025-04-10 12:02:56 | INFO | PID:1972 | Started worker process 27580
2025-04-10 12:04:17 | INFO | PID:30076 | Found 0 existing workers for url_rewriter_para_worker on article-input-queue
2025-04-10 12:04:20 | INFO | PID:30076 | Started worker process 28376
2025-04-10 12:06:54 | INFO | PID:7928 | Found 0 existing workers for url_rewriter_para_worker on article-input-queue
2025-04-10 12:06:57 | INFO | PID:7928 | Started worker process 29928
2025-04-10 12:11:05 | INFO | PID:19060 | Found 0 existing workers for url_rewriter_para_worker on article-input-queue
2025-04-10 12:11:08 | INFO | PID:19060 | Started worker process 20444
2025-04-10 12:13:01 | INFO | PID:2008 | Found 0 existing workers for url_rewriter_para_worker on article-input-queue
2025-04-10 12:13:04 | INFO | PID:2008 | Started worker process 1848
2025-04-10 12:16:20 | INFO | PID:26248 | Found 0 existing workers for url_rewriter_para_worker on article-input-queue
2025-04-10 12:16:23 | INFO | PID:26248 | Started worker process 15580
2025-04-10 12:18:22 | INFO | PID:26340 | Found 0 existing workers for url_rewriter_para_worker on article-input-queue
2025-04-10 12:18:25 | INFO | PID:26340 | Started worker process 9256
2025-04-10 12:42:23 | INFO | PID:26204 | Found 0 existing workers for url_rewriter_para_worker on article-input-queue
2025-04-10 12:42:26 | INFO | PID:26204 | Started worker process 13556
