2025-04-29 09:27:32 | INFO | PID:9664 | Queue 'd92a8ee6-33bc-491a-96e3-b33e31a85063_manual' created successfully
2025-04-29 09:27:33 | INFO | PID:9664 | Queue 'd92a8ee6-33bc-491a-96e3-b33e31a85063_url-re' created successfully
2025-04-29 09:27:33 | INFO | PID:9664 | Queue 'd92a8ee6-33bc-491a-96e3-b33e31a85063_aa' created successfully
2025-04-29 09:27:33 | INFO | PID:9664 | Queue 'd92a8ee6-33bc-491a-96e3-b33e31a85063_sdsdfsdf' created successfully
2025-04-29 09:50:22 | INFO | PID:9664 | Queue 'article-input-queue2' created successfully
2025-04-29 09:50:29 | INFO | PID:9664 | Found 0 existing workers for url_rewriter_para_worker on article-input-queue2
2025-04-29 09:50:31 | INFO | PID:32260 | Starting worker url_rewriter_para_worker for queue article-input-queue2
2025-04-29 09:50:31 | INFO | PID:32260 | Created new channel
2025-04-29 09:50:31 | INFO | PID:32260 | Declared queue: article-input-queue2
2025-04-29 09:50:31 | INFO | PID:32260 | Available workers: ['url_rewriter_para_worker']
2025-04-29 09:50:31 | INFO | PID:32260 | Found worker class: UrlRewriterParallelWorker
2025-04-29 09:50:32 | INFO | PID:9664 | Started worker process 32260
2025-04-29 10:10:17 | INFO | PID:7648 | Found 0 existing workers for url_rewriter_para_worker on article-input-queue2
2025-04-29 10:10:18 | INFO | PID:4316 | Starting worker url_rewriter_para_worker for queue article-input-queue2
2025-04-29 10:10:18 | INFO | PID:4316 | Created new channel
2025-04-29 10:10:18 | INFO | PID:4316 | Declared queue: article-input-queue2
2025-04-29 10:10:18 | INFO | PID:4316 | Available workers: ['url_rewriter_para_worker']
2025-04-29 10:10:18 | INFO | PID:4316 | Found worker class: UrlRewriterParallelWorker
2025-04-29 10:10:20 | INFO | PID:7648 | Started worker process 4316
2025-04-29 11:27:23 | INFO | PID:7648 | Updated worker name after removing '.py': url-re
2025-04-29 11:27:50 | INFO | PID:7648 | Updated worker name after removing '.py': url-re
2025-04-29 11:28:34 | INFO | PID:7648 | Updated worker name after removing '.py': url-re
2025-04-29 11:31:18 | INFO | PID:7648 | Queue '2bac98c1-c64b-4374-a120-8b6628928b49_aa' created successfully
2025-04-29 11:31:19 | INFO | PID:7648 | Queue 'd92a8ee6-33bc-491a-96e3-b33e31a85063_aa' created successfully
2025-04-29 11:31:29 | INFO | PID:7648 | Queue '2bac98c1-c64b-4374-a120-8b6628928b49_sdsdfsdf' created successfully
2025-04-29 11:31:29 | INFO | PID:7648 | Queue 'd92a8ee6-33bc-491a-96e3-b33e31a85063_sdsdfsdf' created successfully
2025-04-29 11:31:45 | INFO | PID:7648 | Delete response status: 204, content: 
2025-04-29 11:31:45 | SUCCESS | PID:7648 | Queue 'd92a8ee6-33bc-491a-96e3-b33e31a85063_sdsdfsdf' deleted successfully
2025-04-29 11:31:45 | INFO | PID:7648 | Delete response status: 204, content: 
2025-04-29 11:31:45 | SUCCESS | PID:7648 | Queue 'd92a8ee6-33bc-491a-96e3-b33e31a85063_url-re' deleted successfully
2025-04-29 11:31:45 | INFO | PID:7648 | Delete response status: 204, content: 
2025-04-29 11:31:45 | SUCCESS | PID:7648 | Queue 'd92a8ee6-33bc-491a-96e3-b33e31a85063_manual' deleted successfully
2025-04-29 11:31:45 | INFO | PID:7648 | Queue '2bac98c1-c64b-4374-a120-8b6628928b49_url-re' created successfully
2025-04-29 11:31:45 | INFO | PID:7648 | Queue 'd92a8ee6-33bc-491a-96e3-b33e31a85063_url-re' created successfully
2025-04-29 11:32:08 | INFO | PID:7648 | Delete response status: 204, content: 
2025-04-29 11:32:08 | SUCCESS | PID:7648 | Queue '2bac98c1-c64b-4374-a120-8b6628928b49_aa' deleted successfully
2025-04-29 11:32:08 | INFO | PID:7648 | Queue '2bac98c1-c64b-4374-a120-8b6628928b49_aa' created successfully
2025-04-29 11:32:09 | INFO | PID:7648 | Queue 'd92a8ee6-33bc-491a-96e3-b33e31a85063_aa' created successfully
2025-04-29 11:32:20 | INFO | PID:7648 | Delete response status: 204, content: 
2025-04-29 11:32:20 | SUCCESS | PID:7648 | Queue '2bac98c1-c64b-4374-a120-8b6628928b49_sdsdfsdf' deleted successfully
2025-04-29 11:32:20 | INFO | PID:7648 | Queue '2bac98c1-c64b-4374-a120-8b6628928b49_sdsdfsdf' created successfully
2025-04-29 11:32:20 | INFO | PID:7648 | Queue 'd92a8ee6-33bc-491a-96e3-b33e31a85063_sdsdfsdf' created successfully
2025-04-29 11:32:28 | INFO | PID:7648 | Updated worker name after removing '.py': url_rewriter_para_worker
2025-04-29 11:32:28 | INFO | PID:7648 | Found 0 existing workers for url_rewriter_para_worker on d92a8ee6-33bc-491a-96e3-b33e31a85063_sdsdfsdf
2025-04-29 11:34:34 | INFO | PID:7648 | Updated worker name after removing '.py': url_rewriter_para_worker
2025-04-29 11:34:35 | INFO | PID:7648 | Found 0 existing workers for url_rewriter_para_worker on d92a8ee6-33bc-491a-96e3-b33e31a85063_aa
2025-04-29 12:04:45 | INFO | PID:7648 | Queue 'd92a8ee6-33bc-491a-96e3-b33e31a85063_xvx' created successfully
2025-04-29 12:05:01 | INFO | PID:7648 | Updated worker name after removing '.py': url_rewriter_para_worker
2025-04-29 12:05:01 | INFO | PID:7648 | Found 0 existing workers for url_rewriter_para_worker on d92a8ee6-33bc-491a-96e3-b33e31a85063_xvx
2025-04-29 12:05:02 | INFO | PID:29504 | Starting worker url_rewriter_para_worker for queue d92a8ee6-33bc-491a-96e3-b33e31a85063_xvx
2025-04-29 12:05:02 | INFO | PID:29504 | Created new channel
2025-04-29 12:05:02 | INFO | PID:29504 | Declared queue: d92a8ee6-33bc-491a-96e3-b33e31a85063_xvx
2025-04-29 12:05:02 | INFO | PID:29504 | Available workers: ['url_rewriter_para_worker']
2025-04-29 12:05:02 | INFO | PID:29504 | Found worker class: UrlRewriterParallelWorker
2025-04-29 12:05:04 | INFO | PID:7648 | Started worker process 29504
2025-04-29 12:05:05 | INFO | PID:960 | Starting worker url_rewriter_para_worker for queue d92a8ee6-33bc-491a-96e3-b33e31a85063_xvx
2025-04-29 12:05:05 | INFO | PID:960 | Created new channel
2025-04-29 12:05:05 | INFO | PID:960 | Declared queue: d92a8ee6-33bc-491a-96e3-b33e31a85063_xvx
2025-04-29 12:05:05 | INFO | PID:960 | Available workers: ['url_rewriter_para_worker']
2025-04-29 12:05:05 | INFO | PID:960 | Found worker class: UrlRewriterParallelWorker
2025-04-29 12:05:07 | INFO | PID:7648 | Started worker process 960
2025-04-29 12:17:41 | INFO | PID:15792 | Queue '28dbd663-925c-474c-8eea-08a92c9458e8_url-re' created successfully
2025-04-29 12:18:03 | INFO | PID:15792 | Queue '1f156b22-1b51-4a7e-b31c-ab8aa447ce6e_url-re' created successfully
2025-04-29 12:23:39 | INFO | PID:15792 | Queue '88ad8c4b-ad27-4bee-a033-fea52f82c801_url-re' created successfully
2025-04-29 12:23:40 | INFO | PID:15792 | Queue '88ad8c4b-ad27-4bee-a033-fea52f82c801_manual' created successfully
2025-04-29 12:23:50 | INFO | PID:15792 | Queue '8bdc51b2-eeff-4a1b-84a6-51f6770d3fed_url-re' created successfully
2025-04-29 12:23:51 | INFO | PID:15792 | Queue '8bdc51b2-eeff-4a1b-84a6-51f6770d3fed_manual' created successfully
2025-04-29 12:24:48 | INFO | PID:15792 | Updated worker name after removing '.py': manual
2025-04-29 12:24:52 | INFO | PID:15792 | Updated worker name after removing '.py': manual
2025-04-29 12:24:57 | INFO | PID:15792 | Updated worker name after removing '.py': manual
2025-04-29 12:25:45 | INFO | PID:15792 | Delete response status: 204, content: 
2025-04-29 12:25:45 | SUCCESS | PID:15792 | Queue '88ad8c4b-ad27-4bee-a033-fea52f82c801_manual' deleted successfully
2025-04-29 12:25:45 | INFO | PID:15792 | Delete response status: 204, content: 
2025-04-29 12:25:45 | SUCCESS | PID:15792 | Queue '8bdc51b2-eeff-4a1b-84a6-51f6770d3fed_manual' deleted successfully
2025-04-29 12:25:45 | INFO | PID:15792 | Queue '88ad8c4b-ad27-4bee-a033-fea52f82c801_manual' created successfully
2025-04-29 12:25:55 | INFO | PID:15792 | Delete response status: 204, content: 
2025-04-29 12:25:55 | SUCCESS | PID:15792 | Queue '88ad8c4b-ad27-4bee-a033-fea52f82c801_url-re' deleted successfully
2025-04-29 12:25:55 | INFO | PID:15792 | Delete response status: 204, content: 
2025-04-29 12:25:55 | SUCCESS | PID:15792 | Queue '8bdc51b2-eeff-4a1b-84a6-51f6770d3fed_url-re' deleted successfully
2025-04-29 12:25:55 | INFO | PID:15792 | Queue '88ad8c4b-ad27-4bee-a033-fea52f82c801_url-re' created successfully
2025-04-29 12:29:09 | INFO | PID:15792 | Queue 'f46ce330-0a31-49e4-986d-b3e3b42801bc_manual' created successfully
2025-04-29 12:29:09 | INFO | PID:15792 | Queue 'f46ce330-0a31-49e4-986d-b3e3b42801bc_url-re' created successfully
2025-04-29 12:29:25 | INFO | PID:15792 | Queue '501b60d2-4f5b-4cd9-8df2-6d49341b38f5_manual' created successfully
2025-04-29 12:29:25 | INFO | PID:15792 | Queue '501b60d2-4f5b-4cd9-8df2-6d49341b38f5_url-re' created successfully
2025-04-29 12:30:50 | INFO | PID:15792 | Updated worker name after removing '.py': url_rewriter_para_worker
2025-04-29 12:30:50 | INFO | PID:15792 | Found 0 existing workers for url_rewriter_para_worker on f46ce330-0a31-49e4-986d-b3e3b42801bc_url-re
2025-04-29 12:30:51 | INFO | PID:32120 | Starting worker url_rewriter_para_worker for queue f46ce330-0a31-49e4-986d-b3e3b42801bc_url-re
2025-04-29 12:30:52 | INFO | PID:32120 | Created new channel
2025-04-29 12:30:52 | INFO | PID:32120 | Declared queue: f46ce330-0a31-49e4-986d-b3e3b42801bc_url-re
2025-04-29 12:30:52 | INFO | PID:32120 | Available workers: ['url_rewriter_para_worker']
2025-04-29 12:30:52 | INFO | PID:32120 | Found worker class: UrlRewriterParallelWorker
2025-04-29 12:30:53 | INFO | PID:15792 | Started worker process 32120
2025-04-29 12:30:55 | INFO | PID:17000 | Starting worker url_rewriter_para_worker for queue f46ce330-0a31-49e4-986d-b3e3b42801bc_url-re
2025-04-29 12:30:55 | INFO | PID:17000 | Created new channel
2025-04-29 12:30:55 | INFO | PID:17000 | Declared queue: f46ce330-0a31-49e4-986d-b3e3b42801bc_url-re
2025-04-29 12:30:55 | INFO | PID:17000 | Available workers: ['url_rewriter_para_worker']
2025-04-29 12:30:55 | INFO | PID:17000 | Found worker class: UrlRewriterParallelWorker
2025-04-29 12:30:56 | INFO | PID:15792 | Updated worker name after removing '.py': url_rewriter_para_worker
2025-04-29 12:30:56 | INFO | PID:15792 | Found 0 existing workers for url_rewriter_para_worker on f46ce330-0a31-49e4-986d-b3e3b42801bc_url-re
2025-04-29 12:30:56 | INFO | PID:15792 | Started worker process 17000
2025-04-29 12:30:57 | INFO | PID:2488 | Starting worker url_rewriter_para_worker for queue f46ce330-0a31-49e4-986d-b3e3b42801bc_url-re
2025-04-29 12:30:58 | INFO | PID:2488 | Created new channel
2025-04-29 12:30:58 | INFO | PID:2488 | Declared queue: f46ce330-0a31-49e4-986d-b3e3b42801bc_url-re
2025-04-29 12:30:58 | INFO | PID:2488 | Available workers: ['url_rewriter_para_worker']
2025-04-29 12:30:58 | INFO | PID:2488 | Found worker class: UrlRewriterParallelWorker
2025-04-29 12:30:59 | INFO | PID:15792 | Started worker process 2488
2025-04-29 12:31:00 | INFO | PID:13232 | Starting worker url_rewriter_para_worker for queue f46ce330-0a31-49e4-986d-b3e3b42801bc_url-re
2025-04-29 12:31:00 | INFO | PID:13232 | Created new channel
2025-04-29 12:31:00 | INFO | PID:13232 | Declared queue: f46ce330-0a31-49e4-986d-b3e3b42801bc_url-re
2025-04-29 12:31:00 | INFO | PID:13232 | Available workers: ['url_rewriter_para_worker']
2025-04-29 12:31:00 | INFO | PID:13232 | Found worker class: UrlRewriterParallelWorker
2025-04-29 12:31:02 | INFO | PID:15792 | Started worker process 13232
2025-04-29 12:41:10 | INFO | PID:15792 | Updated worker name after removing '.py': url_rewriter_para_worker
2025-04-29 12:41:10 | INFO | PID:15792 | Found 0 existing workers for url_rewriter_para_worker on f46ce330-0a31-49e4-986d-b3e3b42801bc_url-re
2025-04-29 12:41:11 | INFO | PID:13600 | Starting worker url_rewriter_para_worker for queue f46ce330-0a31-49e4-986d-b3e3b42801bc_url-re
2025-04-29 12:41:11 | INFO | PID:13600 | Created new channel
2025-04-29 12:41:11 | INFO | PID:13600 | Declared queue: f46ce330-0a31-49e4-986d-b3e3b42801bc_url-re
2025-04-29 12:41:12 | INFO | PID:13600 | Available workers: ['url_rewriter_para_worker']
2025-04-29 12:41:12 | INFO | PID:13600 | Found worker class: UrlRewriterParallelWorker
2025-04-29 12:41:13 | INFO | PID:15792 | Started worker process 13600
2025-04-29 12:41:14 | INFO | PID:11260 | Starting worker url_rewriter_para_worker for queue f46ce330-0a31-49e4-986d-b3e3b42801bc_url-re
2025-04-29 12:41:14 | INFO | PID:11260 | Created new channel
2025-04-29 12:41:14 | INFO | PID:11260 | Declared queue: f46ce330-0a31-49e4-986d-b3e3b42801bc_url-re
2025-04-29 12:41:14 | INFO | PID:11260 | Available workers: ['url_rewriter_para_worker']
2025-04-29 12:41:14 | INFO | PID:11260 | Found worker class: UrlRewriterParallelWorker
2025-04-29 12:41:14 | INFO | PID:15792 | Updated worker name after removing '.py': url_rewriter_para_worker
2025-04-29 12:41:14 | INFO | PID:15792 | Found 0 existing workers for url_rewriter_para_worker on f46ce330-0a31-49e4-986d-b3e3b42801bc_url-re
2025-04-29 12:41:15 | INFO | PID:31328 | Starting worker url_rewriter_para_worker for queue f46ce330-0a31-49e4-986d-b3e3b42801bc_url-re
2025-04-29 12:41:15 | INFO | PID:31328 | Created new channel
2025-04-29 12:41:15 | INFO | PID:31328 | Declared queue: f46ce330-0a31-49e4-986d-b3e3b42801bc_url-re
2025-04-29 12:41:15 | INFO | PID:31328 | Available workers: ['url_rewriter_para_worker']
2025-04-29 12:41:15 | INFO | PID:31328 | Found worker class: UrlRewriterParallelWorker
2025-04-29 12:41:16 | INFO | PID:15792 | Started worker process 11260
2025-04-29 12:41:17 | INFO | PID:28700 | Starting worker url_rewriter_para_worker for queue f46ce330-0a31-49e4-986d-b3e3b42801bc_url-re
2025-04-29 12:41:17 | INFO | PID:28700 | Created new channel
2025-04-29 12:41:17 | INFO | PID:28700 | Declared queue: f46ce330-0a31-49e4-986d-b3e3b42801bc_url-re
2025-04-29 12:41:17 | INFO | PID:28700 | Available workers: ['url_rewriter_para_worker']
2025-04-29 12:41:17 | INFO | PID:28700 | Found worker class: UrlRewriterParallelWorker
2025-04-29 12:41:17 | INFO | PID:15792 | Started worker process 31328
2025-04-29 12:41:18 | INFO | PID:31196 | Starting worker url_rewriter_para_worker for queue f46ce330-0a31-49e4-986d-b3e3b42801bc_url-re
2025-04-29 12:41:18 | INFO | PID:31196 | Created new channel
2025-04-29 12:41:18 | INFO | PID:31196 | Declared queue: f46ce330-0a31-49e4-986d-b3e3b42801bc_url-re
2025-04-29 12:41:18 | INFO | PID:31196 | Available workers: ['url_rewriter_para_worker']
2025-04-29 12:41:18 | INFO | PID:31196 | Found worker class: UrlRewriterParallelWorker
2025-04-29 12:41:19 | INFO | PID:15792 | Started worker process 28700
2025-04-29 12:41:20 | INFO | PID:12908 | Starting worker url_rewriter_para_worker for queue f46ce330-0a31-49e4-986d-b3e3b42801bc_url-re
2025-04-29 12:41:20 | INFO | PID:12908 | Created new channel
2025-04-29 12:41:20 | INFO | PID:12908 | Declared queue: f46ce330-0a31-49e4-986d-b3e3b42801bc_url-re
2025-04-29 12:41:20 | INFO | PID:12908 | Available workers: ['url_rewriter_para_worker']
2025-04-29 12:41:20 | INFO | PID:12908 | Found worker class: UrlRewriterParallelWorker
2025-04-29 12:41:20 | INFO | PID:15792 | Started worker process 31196
2025-04-29 12:41:21 | INFO | PID:6448 | Starting worker url_rewriter_para_worker for queue f46ce330-0a31-49e4-986d-b3e3b42801bc_url-re
2025-04-29 12:41:21 | INFO | PID:6448 | Created new channel
2025-04-29 12:41:21 | INFO | PID:6448 | Declared queue: f46ce330-0a31-49e4-986d-b3e3b42801bc_url-re
2025-04-29 12:41:21 | INFO | PID:6448 | Available workers: ['url_rewriter_para_worker']
2025-04-29 12:41:21 | INFO | PID:6448 | Found worker class: UrlRewriterParallelWorker
2025-04-29 12:41:22 | INFO | PID:15792 | Started worker process 12908
2025-04-29 12:41:23 | INFO | PID:28368 | Starting worker url_rewriter_para_worker for queue f46ce330-0a31-49e4-986d-b3e3b42801bc_url-re
2025-04-29 12:41:23 | INFO | PID:28368 | Created new channel
2025-04-29 12:41:23 | INFO | PID:28368 | Declared queue: f46ce330-0a31-49e4-986d-b3e3b42801bc_url-re
2025-04-29 12:41:23 | INFO | PID:28368 | Available workers: ['url_rewriter_para_worker']
2025-04-29 12:41:23 | INFO | PID:28368 | Found worker class: UrlRewriterParallelWorker
2025-04-29 12:41:23 | INFO | PID:15792 | Started worker process 6448
2025-04-29 12:41:24 | INFO | PID:15792 | Updated worker name after removing '.py': url_rewriter_para_worker
2025-04-29 12:41:24 | INFO | PID:14872 | Starting worker url_rewriter_para_worker for queue f46ce330-0a31-49e4-986d-b3e3b42801bc_url-re
2025-04-29 12:41:24 | INFO | PID:15792 | Found 0 existing workers for url_rewriter_para_worker on f46ce330-0a31-49e4-986d-b3e3b42801bc_url-re
2025-04-29 12:41:24 | INFO | PID:14872 | Created new channel
2025-04-29 12:41:24 | INFO | PID:14872 | Declared queue: f46ce330-0a31-49e4-986d-b3e3b42801bc_url-re
2025-04-29 12:41:24 | INFO | PID:14872 | Available workers: ['url_rewriter_para_worker']
2025-04-29 12:41:24 | INFO | PID:14872 | Found worker class: UrlRewriterParallelWorker
2025-04-29 12:41:25 | INFO | PID:29492 | Starting worker url_rewriter_para_worker for queue f46ce330-0a31-49e4-986d-b3e3b42801bc_url-re
2025-04-29 12:41:25 | INFO | PID:29492 | Created new channel
2025-04-29 12:41:25 | INFO | PID:29492 | Declared queue: f46ce330-0a31-49e4-986d-b3e3b42801bc_url-re
2025-04-29 12:41:25 | INFO | PID:29492 | Available workers: ['url_rewriter_para_worker']
2025-04-29 12:41:25 | INFO | PID:29492 | Found worker class: UrlRewriterParallelWorker
2025-04-29 12:41:25 | INFO | PID:15792 | Started worker process 28368
2025-04-29 12:41:26 | INFO | PID:15792 | Started worker process 14872
2025-04-29 12:41:27 | INFO | PID:15792 | Started worker process 29492
2025-04-29 12:41:28 | INFO | PID:18488 | Starting worker url_rewriter_para_worker for queue f46ce330-0a31-49e4-986d-b3e3b42801bc_url-re
2025-04-29 12:41:28 | INFO | PID:18488 | Created new channel
2025-04-29 12:41:28 | INFO | PID:18488 | Declared queue: f46ce330-0a31-49e4-986d-b3e3b42801bc_url-re
2025-04-29 12:41:28 | INFO | PID:18488 | Available workers: ['url_rewriter_para_worker']
2025-04-29 12:41:28 | INFO | PID:18488 | Found worker class: UrlRewriterParallelWorker
2025-04-29 12:41:28 | INFO | PID:23828 | Starting worker url_rewriter_para_worker for queue f46ce330-0a31-49e4-986d-b3e3b42801bc_url-re
2025-04-29 12:41:28 | INFO | PID:23828 | Created new channel
2025-04-29 12:41:28 | INFO | PID:23828 | Declared queue: f46ce330-0a31-49e4-986d-b3e3b42801bc_url-re
2025-04-29 12:41:29 | INFO | PID:23828 | Available workers: ['url_rewriter_para_worker']
2025-04-29 12:41:29 | INFO | PID:23828 | Found worker class: UrlRewriterParallelWorker
2025-04-29 12:41:29 | INFO | PID:15792 | Started worker process 18488
2025-04-29 12:41:30 | INFO | PID:15792 | Started worker process 23828
2025-04-29 12:41:32 | INFO | PID:7196 | Starting worker url_rewriter_para_worker for queue f46ce330-0a31-49e4-986d-b3e3b42801bc_url-re
2025-04-29 12:41:32 | INFO | PID:7196 | Created new channel
2025-04-29 12:41:32 | INFO | PID:7196 | Declared queue: f46ce330-0a31-49e4-986d-b3e3b42801bc_url-re
2025-04-29 12:41:32 | INFO | PID:7196 | Available workers: ['url_rewriter_para_worker']
2025-04-29 12:41:32 | INFO | PID:7196 | Found worker class: UrlRewriterParallelWorker
2025-04-29 12:41:33 | INFO | PID:15792 | Started worker process 7196
2025-04-29 12:41:34 | INFO | PID:9244 | Starting worker url_rewriter_para_worker for queue f46ce330-0a31-49e4-986d-b3e3b42801bc_url-re
2025-04-29 12:41:34 | INFO | PID:9244 | Created new channel
2025-04-29 12:41:34 | INFO | PID:9244 | Declared queue: f46ce330-0a31-49e4-986d-b3e3b42801bc_url-re
2025-04-29 12:41:34 | INFO | PID:9244 | Available workers: ['url_rewriter_para_worker']
2025-04-29 12:41:34 | INFO | PID:9244 | Found worker class: UrlRewriterParallelWorker
2025-04-29 12:41:36 | INFO | PID:15792 | Started worker process 9244
2025-04-29 12:41:37 | INFO | PID:14456 | Starting worker url_rewriter_para_worker for queue f46ce330-0a31-49e4-986d-b3e3b42801bc_url-re
2025-04-29 12:41:37 | INFO | PID:14456 | Created new channel
2025-04-29 12:41:37 | INFO | PID:14456 | Declared queue: f46ce330-0a31-49e4-986d-b3e3b42801bc_url-re
2025-04-29 12:41:37 | INFO | PID:14456 | Available workers: ['url_rewriter_para_worker']
2025-04-29 12:41:37 | INFO | PID:14456 | Found worker class: UrlRewriterParallelWorker
2025-04-29 12:41:39 | INFO | PID:15792 | Started worker process 14456
2025-04-29 12:42:12 | INFO | PID:15792 | Updated worker name after removing '.py': url_rewriter_para_worker
2025-04-29 12:42:12 | INFO | PID:15792 | Found 0 existing workers for url_rewriter_para_worker on f46ce330-0a31-49e4-986d-b3e3b42801bc_url-re
2025-04-29 12:42:13 | INFO | PID:25948 | Starting worker url_rewriter_para_worker for queue f46ce330-0a31-49e4-986d-b3e3b42801bc_url-re
2025-04-29 12:42:13 | INFO | PID:25948 | Created new channel
2025-04-29 12:42:13 | INFO | PID:25948 | Declared queue: f46ce330-0a31-49e4-986d-b3e3b42801bc_url-re
2025-04-29 12:42:13 | INFO | PID:25948 | Available workers: ['url_rewriter_para_worker']
2025-04-29 12:42:13 | INFO | PID:25948 | Found worker class: UrlRewriterParallelWorker
2025-04-29 12:42:15 | INFO | PID:15792 | Started worker process 25948
2025-04-29 12:43:35 | INFO | PID:15792 | Queue 'xxx' created successfully
2025-04-29 12:44:30 | INFO | PID:15792 | Updated worker name after removing '.py': url_rewriter_para_worker
2025-04-29 12:44:31 | INFO | PID:15792 | Found 0 existing workers for url_rewriter_para_worker on f46ce330-0a31-49e4-986d-b3e3b42801bc_url-re
2025-04-29 12:44:31 | INFO | PID:1728 | Starting worker url_rewriter_para_worker for queue f46ce330-0a31-49e4-986d-b3e3b42801bc_url-re
2025-04-29 12:44:31 | INFO | PID:1728 | Created new channel
2025-04-29 12:44:31 | INFO | PID:1728 | Declared queue: f46ce330-0a31-49e4-986d-b3e3b42801bc_url-re
2025-04-29 12:44:31 | INFO | PID:1728 | Available workers: ['url_rewriter_para_worker']
2025-04-29 12:44:31 | INFO | PID:1728 | Found worker class: UrlRewriterParallelWorker
2025-04-29 12:44:34 | INFO | PID:15792 | Started worker process 1728
2025-04-29 12:44:34 | INFO | PID:16036 | Starting worker url_rewriter_para_worker for queue f46ce330-0a31-49e4-986d-b3e3b42801bc_url-re
2025-04-29 12:44:34 | INFO | PID:16036 | Created new channel
2025-04-29 12:44:34 | INFO | PID:16036 | Declared queue: f46ce330-0a31-49e4-986d-b3e3b42801bc_url-re
2025-04-29 12:44:34 | INFO | PID:16036 | Available workers: ['url_rewriter_para_worker']
2025-04-29 12:44:34 | INFO | PID:16036 | Found worker class: UrlRewriterParallelWorker
2025-04-29 12:44:37 | INFO | PID:15792 | Started worker process 16036
2025-04-29 12:47:54 | INFO | PID:15792 | Updated worker name after removing '.py': url_rewriter_para_worker
2025-04-29 12:47:55 | INFO | PID:15792 | Found 0 existing workers for url_rewriter_para_worker on f46ce330-0a31-49e4-986d-b3e3b42801bc_manual
2025-04-29 12:47:56 | INFO | PID:6020 | Starting worker url_rewriter_para_worker for queue f46ce330-0a31-49e4-986d-b3e3b42801bc_manual
2025-04-29 12:47:56 | INFO | PID:6020 | Created new channel
2025-04-29 12:47:56 | INFO | PID:6020 | Declared queue: f46ce330-0a31-49e4-986d-b3e3b42801bc_manual
2025-04-29 12:47:56 | INFO | PID:6020 | Available workers: ['url_rewriter_para_worker']
2025-04-29 12:47:56 | INFO | PID:6020 | Found worker class: UrlRewriterParallelWorker
2025-04-29 12:47:58 | INFO | PID:15792 | Started worker process 6020
2025-04-29 12:47:59 | INFO | PID:11528 | Starting worker url_rewriter_para_worker for queue f46ce330-0a31-49e4-986d-b3e3b42801bc_manual
2025-04-29 12:47:59 | INFO | PID:11528 | Created new channel
2025-04-29 12:47:59 | INFO | PID:11528 | Declared queue: f46ce330-0a31-49e4-986d-b3e3b42801bc_manual
2025-04-29 12:47:59 | INFO | PID:11528 | Available workers: ['url_rewriter_para_worker']
2025-04-29 12:47:59 | INFO | PID:11528 | Found worker class: UrlRewriterParallelWorker
2025-04-29 12:48:01 | INFO | PID:15792 | Started worker process 11528
2025-04-29 12:48:01 | INFO | PID:25232 | Starting worker url_rewriter_para_worker for queue f46ce330-0a31-49e4-986d-b3e3b42801bc_manual
2025-04-29 12:48:01 | INFO | PID:25232 | Created new channel
2025-04-29 12:48:01 | INFO | PID:25232 | Declared queue: f46ce330-0a31-49e4-986d-b3e3b42801bc_manual
2025-04-29 12:48:01 | INFO | PID:25232 | Available workers: ['url_rewriter_para_worker']
2025-04-29 12:48:01 | INFO | PID:25232 | Found worker class: UrlRewriterParallelWorker
2025-04-29 12:48:04 | INFO | PID:15792 | Started worker process 25232
2025-04-29 12:48:04 | INFO | PID:15784 | Starting worker url_rewriter_para_worker for queue f46ce330-0a31-49e4-986d-b3e3b42801bc_manual
2025-04-29 12:48:05 | INFO | PID:15784 | Created new channel
2025-04-29 12:48:05 | INFO | PID:15784 | Declared queue: f46ce330-0a31-49e4-986d-b3e3b42801bc_manual
2025-04-29 12:48:05 | INFO | PID:15784 | Available workers: ['url_rewriter_para_worker']
2025-04-29 12:48:05 | INFO | PID:15784 | Found worker class: UrlRewriterParallelWorker
2025-04-29 12:48:07 | INFO | PID:15792 | Started worker process 15784
2025-04-29 12:48:08 | INFO | PID:34476 | Starting worker url_rewriter_para_worker for queue f46ce330-0a31-49e4-986d-b3e3b42801bc_manual
2025-04-29 12:48:08 | INFO | PID:34476 | Created new channel
2025-04-29 12:48:08 | INFO | PID:34476 | Declared queue: f46ce330-0a31-49e4-986d-b3e3b42801bc_manual
2025-04-29 12:48:08 | INFO | PID:34476 | Available workers: ['url_rewriter_para_worker']
2025-04-29 12:48:08 | INFO | PID:34476 | Found worker class: UrlRewriterParallelWorker
2025-04-29 12:48:10 | INFO | PID:15792 | Started worker process 34476
2025-04-29 12:48:11 | INFO | PID:21216 | Starting worker url_rewriter_para_worker for queue f46ce330-0a31-49e4-986d-b3e3b42801bc_manual
2025-04-29 12:48:11 | INFO | PID:21216 | Created new channel
2025-04-29 12:48:11 | INFO | PID:21216 | Declared queue: f46ce330-0a31-49e4-986d-b3e3b42801bc_manual
2025-04-29 12:48:11 | INFO | PID:21216 | Available workers: ['url_rewriter_para_worker']
2025-04-29 12:48:11 | INFO | PID:21216 | Found worker class: UrlRewriterParallelWorker
2025-04-29 12:48:13 | INFO | PID:15792 | Started worker process 21216
2025-04-29 12:48:13 | INFO | PID:9592 | Starting worker url_rewriter_para_worker for queue f46ce330-0a31-49e4-986d-b3e3b42801bc_manual
2025-04-29 12:48:13 | INFO | PID:9592 | Created new channel
2025-04-29 12:48:13 | INFO | PID:9592 | Declared queue: f46ce330-0a31-49e4-986d-b3e3b42801bc_manual
2025-04-29 12:48:14 | INFO | PID:9592 | Available workers: ['url_rewriter_para_worker']
2025-04-29 12:48:14 | INFO | PID:9592 | Found worker class: UrlRewriterParallelWorker
2025-04-29 12:48:16 | INFO | PID:15792 | Started worker process 9592
2025-04-29 12:48:16 | INFO | PID:27780 | Starting worker url_rewriter_para_worker for queue f46ce330-0a31-49e4-986d-b3e3b42801bc_manual
2025-04-29 12:48:17 | INFO | PID:27780 | Created new channel
2025-04-29 12:48:17 | INFO | PID:27780 | Declared queue: f46ce330-0a31-49e4-986d-b3e3b42801bc_manual
2025-04-29 12:48:17 | INFO | PID:27780 | Available workers: ['url_rewriter_para_worker']
2025-04-29 12:48:17 | INFO | PID:27780 | Found worker class: UrlRewriterParallelWorker
2025-04-29 12:48:19 | INFO | PID:15792 | Started worker process 27780
2025-04-29 12:48:19 | INFO | PID:12112 | Starting worker url_rewriter_para_worker for queue f46ce330-0a31-49e4-986d-b3e3b42801bc_manual
2025-04-29 12:48:20 | INFO | PID:12112 | Created new channel
2025-04-29 12:48:20 | INFO | PID:12112 | Declared queue: f46ce330-0a31-49e4-986d-b3e3b42801bc_manual
2025-04-29 12:48:20 | INFO | PID:12112 | Available workers: ['url_rewriter_para_worker']
2025-04-29 12:48:20 | INFO | PID:12112 | Found worker class: UrlRewriterParallelWorker
2025-04-29 12:48:22 | INFO | PID:15792 | Started worker process 12112
2025-04-29 12:48:23 | INFO | PID:8892 | Starting worker url_rewriter_para_worker for queue f46ce330-0a31-49e4-986d-b3e3b42801bc_manual
2025-04-29 12:48:23 | INFO | PID:8892 | Created new channel
2025-04-29 12:48:23 | INFO | PID:8892 | Declared queue: f46ce330-0a31-49e4-986d-b3e3b42801bc_manual
2025-04-29 12:48:23 | INFO | PID:8892 | Available workers: ['url_rewriter_para_worker']
2025-04-29 12:48:23 | INFO | PID:8892 | Found worker class: UrlRewriterParallelWorker
2025-04-29 12:48:25 | INFO | PID:15792 | Started worker process 8892
2025-04-29 12:48:26 | INFO | PID:34140 | Starting worker url_rewriter_para_worker for queue f46ce330-0a31-49e4-986d-b3e3b42801bc_manual
2025-04-29 12:48:26 | INFO | PID:34140 | Created new channel
2025-04-29 12:48:26 | INFO | PID:34140 | Declared queue: f46ce330-0a31-49e4-986d-b3e3b42801bc_manual
2025-04-29 12:48:26 | INFO | PID:34140 | Available workers: ['url_rewriter_para_worker']
2025-04-29 12:48:26 | INFO | PID:34140 | Found worker class: UrlRewriterParallelWorker
2025-04-29 12:48:28 | INFO | PID:15792 | Started worker process 34140
2025-04-29 12:48:28 | INFO | PID:27236 | Starting worker url_rewriter_para_worker for queue f46ce330-0a31-49e4-986d-b3e3b42801bc_manual
2025-04-29 12:48:29 | INFO | PID:27236 | Created new channel
2025-04-29 12:48:29 | INFO | PID:27236 | Declared queue: f46ce330-0a31-49e4-986d-b3e3b42801bc_manual
2025-04-29 12:48:29 | INFO | PID:27236 | Available workers: ['url_rewriter_para_worker']
2025-04-29 12:48:29 | INFO | PID:27236 | Found worker class: UrlRewriterParallelWorker
2025-04-29 12:48:31 | INFO | PID:15792 | Started worker process 27236
2025-04-29 12:48:32 | INFO | PID:7252 | Starting worker url_rewriter_para_worker for queue f46ce330-0a31-49e4-986d-b3e3b42801bc_manual
2025-04-29 12:48:32 | INFO | PID:7252 | Created new channel
2025-04-29 12:48:32 | INFO | PID:7252 | Declared queue: f46ce330-0a31-49e4-986d-b3e3b42801bc_manual
2025-04-29 12:48:33 | INFO | PID:7252 | Available workers: ['url_rewriter_para_worker']
2025-04-29 12:48:33 | INFO | PID:7252 | Found worker class: UrlRewriterParallelWorker
2025-04-29 12:48:34 | INFO | PID:15792 | Started worker process 7252
2025-04-29 12:48:35 | INFO | PID:19684 | Starting worker url_rewriter_para_worker for queue f46ce330-0a31-49e4-986d-b3e3b42801bc_manual
2025-04-29 12:48:35 | INFO | PID:19684 | Created new channel
2025-04-29 12:48:35 | INFO | PID:19684 | Declared queue: f46ce330-0a31-49e4-986d-b3e3b42801bc_manual
2025-04-29 12:48:35 | INFO | PID:19684 | Available workers: ['url_rewriter_para_worker']
2025-04-29 12:48:35 | INFO | PID:19684 | Found worker class: UrlRewriterParallelWorker
2025-04-29 12:48:37 | INFO | PID:15792 | Started worker process 19684
2025-04-29 12:48:37 | INFO | PID:14292 | Starting worker url_rewriter_para_worker for queue f46ce330-0a31-49e4-986d-b3e3b42801bc_manual
2025-04-29 12:48:38 | INFO | PID:14292 | Created new channel
2025-04-29 12:48:38 | INFO | PID:14292 | Declared queue: f46ce330-0a31-49e4-986d-b3e3b42801bc_manual
2025-04-29 12:48:38 | INFO | PID:14292 | Available workers: ['url_rewriter_para_worker']
2025-04-29 12:48:38 | INFO | PID:14292 | Found worker class: UrlRewriterParallelWorker
2025-04-29 12:48:40 | INFO | PID:15792 | Started worker process 14292
2025-04-29 12:48:41 | INFO | PID:7716 | Starting worker url_rewriter_para_worker for queue f46ce330-0a31-49e4-986d-b3e3b42801bc_manual
2025-04-29 12:48:41 | INFO | PID:7716 | Created new channel
2025-04-29 12:48:41 | INFO | PID:7716 | Declared queue: f46ce330-0a31-49e4-986d-b3e3b42801bc_manual
2025-04-29 12:48:41 | INFO | PID:7716 | Available workers: ['url_rewriter_para_worker']
2025-04-29 12:48:41 | INFO | PID:7716 | Found worker class: UrlRewriterParallelWorker
2025-04-29 12:48:43 | INFO | PID:15792 | Started worker process 7716
2025-04-29 12:48:44 | INFO | PID:29640 | Starting worker url_rewriter_para_worker for queue f46ce330-0a31-49e4-986d-b3e3b42801bc_manual
2025-04-29 12:48:44 | INFO | PID:29640 | Created new channel
2025-04-29 12:48:44 | INFO | PID:29640 | Declared queue: f46ce330-0a31-49e4-986d-b3e3b42801bc_manual
2025-04-29 12:48:44 | INFO | PID:29640 | Available workers: ['url_rewriter_para_worker']
2025-04-29 12:48:44 | INFO | PID:29640 | Found worker class: UrlRewriterParallelWorker
2025-04-29 12:48:46 | INFO | PID:15792 | Started worker process 29640
2025-04-29 12:48:47 | INFO | PID:10636 | Starting worker url_rewriter_para_worker for queue f46ce330-0a31-49e4-986d-b3e3b42801bc_manual
2025-04-29 12:48:47 | INFO | PID:10636 | Created new channel
2025-04-29 12:48:47 | INFO | PID:10636 | Declared queue: f46ce330-0a31-49e4-986d-b3e3b42801bc_manual
2025-04-29 12:48:47 | INFO | PID:10636 | Available workers: ['url_rewriter_para_worker']
2025-04-29 12:48:47 | INFO | PID:10636 | Found worker class: UrlRewriterParallelWorker
2025-04-29 12:48:49 | INFO | PID:15792 | Started worker process 10636
2025-04-29 12:48:50 | INFO | PID:27320 | Starting worker url_rewriter_para_worker for queue f46ce330-0a31-49e4-986d-b3e3b42801bc_manual
2025-04-29 12:48:50 | INFO | PID:27320 | Created new channel
2025-04-29 12:48:50 | INFO | PID:27320 | Declared queue: f46ce330-0a31-49e4-986d-b3e3b42801bc_manual
2025-04-29 12:48:50 | INFO | PID:27320 | Available workers: ['url_rewriter_para_worker']
2025-04-29 12:48:50 | INFO | PID:27320 | Found worker class: UrlRewriterParallelWorker
2025-04-29 12:48:52 | INFO | PID:15792 | Started worker process 27320
2025-04-29 12:48:55 | INFO | PID:15792 | Started worker process 28540
2025-04-29 12:48:56 | INFO | PID:28892 | Starting worker url_rewriter_para_worker for queue f46ce330-0a31-49e4-986d-b3e3b42801bc_manual
2025-04-29 12:48:56 | INFO | PID:28540 | Starting worker url_rewriter_para_worker for queue f46ce330-0a31-49e4-986d-b3e3b42801bc_manual
2025-04-29 12:48:56 | INFO | PID:28540 | Created new channel
2025-04-29 12:48:56 | INFO | PID:28892 | Created new channel
2025-04-29 12:48:56 | INFO | PID:28892 | Declared queue: f46ce330-0a31-49e4-986d-b3e3b42801bc_manual
2025-04-29 12:48:56 | INFO | PID:28540 | Declared queue: f46ce330-0a31-49e4-986d-b3e3b42801bc_manual
2025-04-29 12:48:56 | INFO | PID:28892 | Available workers: ['url_rewriter_para_worker']
2025-04-29 12:48:56 | INFO | PID:28540 | Available workers: ['url_rewriter_para_worker']
2025-04-29 12:48:56 | INFO | PID:28892 | Found worker class: UrlRewriterParallelWorker
2025-04-29 12:48:56 | INFO | PID:28540 | Found worker class: UrlRewriterParallelWorker
2025-04-29 12:48:58 | INFO | PID:15792 | Started worker process 28892
2025-04-29 12:48:59 | INFO | PID:24844 | Starting worker url_rewriter_para_worker for queue f46ce330-0a31-49e4-986d-b3e3b42801bc_manual
2025-04-29 12:48:59 | INFO | PID:24844 | Created new channel
2025-04-29 12:48:59 | INFO | PID:24844 | Declared queue: f46ce330-0a31-49e4-986d-b3e3b42801bc_manual
2025-04-29 12:48:59 | INFO | PID:24844 | Available workers: ['url_rewriter_para_worker']
2025-04-29 12:48:59 | INFO | PID:24844 | Found worker class: UrlRewriterParallelWorker
2025-04-29 12:49:01 | INFO | PID:15792 | Started worker process 24844
2025-04-29 12:50:51 | INFO | PID:15792 | Updated worker name after removing '.py': url_rewriter_para_worker
2025-04-29 12:50:51 | INFO | PID:15792 | Found 0 existing workers for url_rewriter_para_worker on f46ce330-0a31-49e4-986d-b3e3b42801bc_manual
2025-04-29 12:50:52 | INFO | PID:4296 | Starting worker url_rewriter_para_worker for queue f46ce330-0a31-49e4-986d-b3e3b42801bc_manual
2025-04-29 12:50:52 | INFO | PID:4296 | Created new channel
2025-04-29 12:50:52 | INFO | PID:4296 | Declared queue: f46ce330-0a31-49e4-986d-b3e3b42801bc_manual
2025-04-29 12:50:52 | INFO | PID:4296 | Available workers: ['url_rewriter_para_worker']
2025-04-29 12:50:52 | INFO | PID:4296 | Found worker class: UrlRewriterParallelWorker
2025-04-29 12:50:54 | INFO | PID:15792 | Started worker process 4296
2025-04-29 12:50:55 | INFO | PID:13392 | Starting worker url_rewriter_para_worker for queue f46ce330-0a31-49e4-986d-b3e3b42801bc_manual
2025-04-29 12:50:55 | INFO | PID:13392 | Created new channel
2025-04-29 12:50:55 | INFO | PID:13392 | Declared queue: f46ce330-0a31-49e4-986d-b3e3b42801bc_manual
2025-04-29 12:50:55 | INFO | PID:13392 | Available workers: ['url_rewriter_para_worker']
2025-04-29 12:50:55 | INFO | PID:13392 | Found worker class: UrlRewriterParallelWorker
2025-04-29 12:50:57 | INFO | PID:15792 | Started worker process 13392
2025-04-29 12:50:58 | INFO | PID:34504 | Starting worker url_rewriter_para_worker for queue f46ce330-0a31-49e4-986d-b3e3b42801bc_manual
2025-04-29 12:50:58 | INFO | PID:34504 | Created new channel
2025-04-29 12:50:58 | INFO | PID:34504 | Declared queue: f46ce330-0a31-49e4-986d-b3e3b42801bc_manual
2025-04-29 12:50:58 | INFO | PID:34504 | Available workers: ['url_rewriter_para_worker']
2025-04-29 12:50:58 | INFO | PID:34504 | Found worker class: UrlRewriterParallelWorker
2025-04-29 12:51:00 | INFO | PID:15792 | Started worker process 34504
2025-04-29 12:51:01 | INFO | PID:24124 | Starting worker url_rewriter_para_worker for queue f46ce330-0a31-49e4-986d-b3e3b42801bc_manual
2025-04-29 12:51:01 | INFO | PID:24124 | Created new channel
2025-04-29 12:51:01 | INFO | PID:24124 | Declared queue: f46ce330-0a31-49e4-986d-b3e3b42801bc_manual
2025-04-29 12:51:01 | INFO | PID:24124 | Available workers: ['url_rewriter_para_worker']
2025-04-29 12:51:01 | INFO | PID:24124 | Found worker class: UrlRewriterParallelWorker
2025-04-29 12:51:03 | INFO | PID:15792 | Started worker process 24124
2025-04-29 12:51:04 | INFO | PID:6080 | Starting worker url_rewriter_para_worker for queue f46ce330-0a31-49e4-986d-b3e3b42801bc_manual
2025-04-29 12:51:04 | INFO | PID:6080 | Created new channel
2025-04-29 12:51:04 | INFO | PID:6080 | Declared queue: f46ce330-0a31-49e4-986d-b3e3b42801bc_manual
2025-04-29 12:51:04 | INFO | PID:6080 | Available workers: ['url_rewriter_para_worker']
2025-04-29 12:51:04 | INFO | PID:6080 | Found worker class: UrlRewriterParallelWorker
2025-04-29 12:51:06 | INFO | PID:15792 | Started worker process 6080
2025-04-29 12:51:07 | INFO | PID:30696 | Starting worker url_rewriter_para_worker for queue f46ce330-0a31-49e4-986d-b3e3b42801bc_manual
2025-04-29 12:51:07 | INFO | PID:30696 | Created new channel
2025-04-29 12:51:07 | INFO | PID:30696 | Declared queue: f46ce330-0a31-49e4-986d-b3e3b42801bc_manual
2025-04-29 12:51:07 | INFO | PID:30696 | Available workers: ['url_rewriter_para_worker']
2025-04-29 12:51:07 | INFO | PID:30696 | Found worker class: UrlRewriterParallelWorker
2025-04-29 12:51:09 | INFO | PID:15792 | Started worker process 30696
2025-04-29 12:51:10 | INFO | PID:33264 | Starting worker url_rewriter_para_worker for queue f46ce330-0a31-49e4-986d-b3e3b42801bc_manual
2025-04-29 12:51:10 | INFO | PID:33264 | Created new channel
2025-04-29 12:51:10 | INFO | PID:33264 | Declared queue: f46ce330-0a31-49e4-986d-b3e3b42801bc_manual
2025-04-29 12:51:10 | INFO | PID:33264 | Available workers: ['url_rewriter_para_worker']
2025-04-29 12:51:10 | INFO | PID:33264 | Found worker class: UrlRewriterParallelWorker
2025-04-29 12:51:12 | INFO | PID:15792 | Started worker process 33264
2025-04-29 12:51:13 | INFO | PID:13924 | Starting worker url_rewriter_para_worker for queue f46ce330-0a31-49e4-986d-b3e3b42801bc_manual
2025-04-29 12:51:13 | INFO | PID:13924 | Created new channel
2025-04-29 12:51:13 | INFO | PID:13924 | Declared queue: f46ce330-0a31-49e4-986d-b3e3b42801bc_manual
2025-04-29 12:51:13 | INFO | PID:13924 | Available workers: ['url_rewriter_para_worker']
2025-04-29 12:51:13 | INFO | PID:13924 | Found worker class: UrlRewriterParallelWorker
2025-04-29 12:51:15 | INFO | PID:15792 | Started worker process 13924
2025-04-29 12:51:16 | INFO | PID:21676 | Starting worker url_rewriter_para_worker for queue f46ce330-0a31-49e4-986d-b3e3b42801bc_manual
2025-04-29 12:51:16 | INFO | PID:21676 | Created new channel
2025-04-29 12:51:16 | INFO | PID:21676 | Declared queue: f46ce330-0a31-49e4-986d-b3e3b42801bc_manual
2025-04-29 12:51:17 | INFO | PID:21676 | Available workers: ['url_rewriter_para_worker']
2025-04-29 12:51:17 | INFO | PID:21676 | Found worker class: UrlRewriterParallelWorker
2025-04-29 12:51:18 | INFO | PID:15792 | Started worker process 21676
2025-04-29 12:51:19 | INFO | PID:26632 | Starting worker url_rewriter_para_worker for queue f46ce330-0a31-49e4-986d-b3e3b42801bc_manual
2025-04-29 12:51:19 | INFO | PID:26632 | Created new channel
2025-04-29 12:51:19 | INFO | PID:26632 | Declared queue: f46ce330-0a31-49e4-986d-b3e3b42801bc_manual
2025-04-29 12:51:19 | INFO | PID:26632 | Available workers: ['url_rewriter_para_worker']
2025-04-29 12:51:19 | INFO | PID:26632 | Found worker class: UrlRewriterParallelWorker
2025-04-29 12:51:21 | INFO | PID:15792 | Started worker process 26632
2025-04-29 12:51:22 | INFO | PID:16276 | Starting worker url_rewriter_para_worker for queue f46ce330-0a31-49e4-986d-b3e3b42801bc_manual
2025-04-29 12:51:22 | INFO | PID:16276 | Created new channel
2025-04-29 12:51:22 | INFO | PID:16276 | Declared queue: f46ce330-0a31-49e4-986d-b3e3b42801bc_manual
2025-04-29 12:51:23 | INFO | PID:16276 | Available workers: ['url_rewriter_para_worker']
2025-04-29 12:51:23 | INFO | PID:16276 | Found worker class: UrlRewriterParallelWorker
2025-04-29 12:51:24 | INFO | PID:15792 | Started worker process 16276
2025-04-29 12:51:25 | INFO | PID:24788 | Starting worker url_rewriter_para_worker for queue f46ce330-0a31-49e4-986d-b3e3b42801bc_manual
2025-04-29 12:51:25 | INFO | PID:24788 | Created new channel
2025-04-29 12:51:25 | INFO | PID:24788 | Declared queue: f46ce330-0a31-49e4-986d-b3e3b42801bc_manual
2025-04-29 12:51:25 | INFO | PID:24788 | Available workers: ['url_rewriter_para_worker']
2025-04-29 12:51:25 | INFO | PID:24788 | Found worker class: UrlRewriterParallelWorker
2025-04-29 12:51:27 | INFO | PID:15792 | Started worker process 24788
2025-04-29 12:51:28 | INFO | PID:25320 | Starting worker url_rewriter_para_worker for queue f46ce330-0a31-49e4-986d-b3e3b42801bc_manual
2025-04-29 12:51:28 | INFO | PID:25320 | Created new channel
2025-04-29 12:51:28 | INFO | PID:25320 | Declared queue: f46ce330-0a31-49e4-986d-b3e3b42801bc_manual
2025-04-29 12:51:28 | INFO | PID:25320 | Available workers: ['url_rewriter_para_worker']
2025-04-29 12:51:28 | INFO | PID:25320 | Found worker class: UrlRewriterParallelWorker
2025-04-29 12:51:29 | INFO | PID:15792 | Updated worker name after removing '.py': url_rewriter_para_worker
2025-04-29 12:51:29 | INFO | PID:15792 | Found 0 existing workers for url_rewriter_para_worker on f46ce330-0a31-49e4-986d-b3e3b42801bc_manual
2025-04-29 12:51:30 | INFO | PID:21148 | Starting worker url_rewriter_para_worker for queue f46ce330-0a31-49e4-986d-b3e3b42801bc_manual
2025-04-29 12:51:30 | INFO | PID:21148 | Created new channel
2025-04-29 12:51:30 | INFO | PID:21148 | Declared queue: f46ce330-0a31-49e4-986d-b3e3b42801bc_manual
2025-04-29 12:51:30 | INFO | PID:21148 | Available workers: ['url_rewriter_para_worker']
2025-04-29 12:51:30 | INFO | PID:21148 | Found worker class: UrlRewriterParallelWorker
2025-04-29 12:51:30 | INFO | PID:15792 | Started worker process 25320
2025-04-29 12:51:31 | INFO | PID:29500 | Starting worker url_rewriter_para_worker for queue f46ce330-0a31-49e4-986d-b3e3b42801bc_manual
2025-04-29 12:51:31 | INFO | PID:29500 | Created new channel
2025-04-29 12:51:31 | INFO | PID:29500 | Declared queue: f46ce330-0a31-49e4-986d-b3e3b42801bc_manual
2025-04-29 12:51:31 | INFO | PID:29500 | Available workers: ['url_rewriter_para_worker']
2025-04-29 12:51:31 | INFO | PID:29500 | Found worker class: UrlRewriterParallelWorker
2025-04-29 12:51:32 | INFO | PID:15792 | Started worker process 21148
2025-04-29 12:51:33 | INFO | PID:8952 | Starting worker url_rewriter_para_worker for queue f46ce330-0a31-49e4-986d-b3e3b42801bc_manual
2025-04-29 12:51:33 | INFO | PID:8952 | Created new channel
2025-04-29 12:51:33 | INFO | PID:8952 | Declared queue: f46ce330-0a31-49e4-986d-b3e3b42801bc_manual
2025-04-29 12:51:33 | INFO | PID:8952 | Available workers: ['url_rewriter_para_worker']
2025-04-29 12:51:33 | INFO | PID:8952 | Found worker class: UrlRewriterParallelWorker
2025-04-29 12:51:34 | INFO | PID:15792 | Started worker process 29500
2025-04-29 12:51:34 | INFO | PID:13104 | Starting worker url_rewriter_para_worker for queue f46ce330-0a31-49e4-986d-b3e3b42801bc_manual
2025-04-29 12:51:34 | INFO | PID:13104 | Created new channel
2025-04-29 12:51:34 | INFO | PID:13104 | Declared queue: f46ce330-0a31-49e4-986d-b3e3b42801bc_manual
2025-04-29 12:51:34 | INFO | PID:13104 | Available workers: ['url_rewriter_para_worker']
2025-04-29 12:51:34 | INFO | PID:13104 | Found worker class: UrlRewriterParallelWorker
2025-04-29 12:51:35 | INFO | PID:15792 | Started worker process 8952
2025-04-29 12:51:36 | INFO | PID:21836 | Starting worker url_rewriter_para_worker for queue f46ce330-0a31-49e4-986d-b3e3b42801bc_manual
2025-04-29 12:51:36 | INFO | PID:21836 | Created new channel
2025-04-29 12:51:36 | INFO | PID:21836 | Declared queue: f46ce330-0a31-49e4-986d-b3e3b42801bc_manual
2025-04-29 12:51:37 | INFO | PID:15792 | Started worker process 13104
2025-04-29 12:51:37 | INFO | PID:21836 | Available workers: ['url_rewriter_para_worker']
2025-04-29 12:51:37 | INFO | PID:21836 | Found worker class: UrlRewriterParallelWorker
2025-04-29 12:51:38 | INFO | PID:8568 | Starting worker url_rewriter_para_worker for queue f46ce330-0a31-49e4-986d-b3e3b42801bc_manual
2025-04-29 12:51:38 | INFO | PID:8568 | Created new channel
2025-04-29 12:51:38 | INFO | PID:8568 | Declared queue: f46ce330-0a31-49e4-986d-b3e3b42801bc_manual
2025-04-29 12:51:38 | INFO | PID:8568 | Available workers: ['url_rewriter_para_worker']
2025-04-29 12:51:38 | INFO | PID:8568 | Found worker class: UrlRewriterParallelWorker
2025-04-29 12:51:38 | INFO | PID:15792 | Started worker process 21836
2025-04-29 12:51:40 | INFO | PID:15792 | Started worker process 8568
2025-04-29 12:51:41 | INFO | PID:3596 | Starting worker url_rewriter_para_worker for queue f46ce330-0a31-49e4-986d-b3e3b42801bc_manual
2025-04-29 12:51:41 | INFO | PID:32248 | Starting worker url_rewriter_para_worker for queue f46ce330-0a31-49e4-986d-b3e3b42801bc_manual
2025-04-29 12:51:41 | INFO | PID:3596 | Created new channel
2025-04-29 12:51:41 | INFO | PID:3596 | Declared queue: f46ce330-0a31-49e4-986d-b3e3b42801bc_manual
2025-04-29 12:51:41 | INFO | PID:32248 | Created new channel
2025-04-29 12:51:41 | INFO | PID:32248 | Declared queue: f46ce330-0a31-49e4-986d-b3e3b42801bc_manual
2025-04-29 12:51:41 | INFO | PID:15792 | Started worker process 32248
2025-04-29 12:51:42 | INFO | PID:3596 | Available workers: ['url_rewriter_para_worker']
2025-04-29 12:51:42 | INFO | PID:3596 | Found worker class: UrlRewriterParallelWorker
2025-04-29 12:51:42 | INFO | PID:32248 | Available workers: ['url_rewriter_para_worker']
2025-04-29 12:51:42 | INFO | PID:32248 | Found worker class: UrlRewriterParallelWorker
2025-04-29 12:51:42 | INFO | PID:3988 | Starting worker url_rewriter_para_worker for queue f46ce330-0a31-49e4-986d-b3e3b42801bc_manual
2025-04-29 12:51:42 | INFO | PID:3988 | Created new channel
2025-04-29 12:51:42 | INFO | PID:3988 | Declared queue: f46ce330-0a31-49e4-986d-b3e3b42801bc_manual
2025-04-29 12:51:42 | INFO | PID:3988 | Available workers: ['url_rewriter_para_worker']
2025-04-29 12:51:42 | INFO | PID:3988 | Found worker class: UrlRewriterParallelWorker
2025-04-29 12:51:43 | INFO | PID:15792 | Started worker process 3596
2025-04-29 12:51:43 | INFO | PID:3312 | Starting worker url_rewriter_para_worker for queue f46ce330-0a31-49e4-986d-b3e3b42801bc_manual
2025-04-29 12:51:44 | INFO | PID:3312 | Created new channel
2025-04-29 12:51:44 | INFO | PID:3312 | Declared queue: f46ce330-0a31-49e4-986d-b3e3b42801bc_manual
2025-04-29 12:51:44 | INFO | PID:3312 | Available workers: ['url_rewriter_para_worker']
2025-04-29 12:51:44 | INFO | PID:3312 | Found worker class: UrlRewriterParallelWorker
2025-04-29 12:51:45 | INFO | PID:15792 | Started worker process 3988
2025-04-29 12:51:45 | INFO | PID:1268 | Starting worker url_rewriter_para_worker for queue f46ce330-0a31-49e4-986d-b3e3b42801bc_manual
2025-04-29 12:51:45 | INFO | PID:1268 | Created new channel
2025-04-29 12:51:45 | INFO | PID:1268 | Declared queue: f46ce330-0a31-49e4-986d-b3e3b42801bc_manual
2025-04-29 12:51:45 | INFO | PID:1268 | Available workers: ['url_rewriter_para_worker']
2025-04-29 12:51:45 | INFO | PID:1268 | Found worker class: UrlRewriterParallelWorker
2025-04-29 12:51:46 | INFO | PID:15792 | Started worker process 3312
2025-04-29 12:51:46 | INFO | PID:9748 | Starting worker url_rewriter_para_worker for queue f46ce330-0a31-49e4-986d-b3e3b42801bc_manual
2025-04-29 12:51:47 | INFO | PID:9748 | Created new channel
2025-04-29 12:51:47 | INFO | PID:9748 | Declared queue: f46ce330-0a31-49e4-986d-b3e3b42801bc_manual
2025-04-29 12:51:47 | INFO | PID:9748 | Available workers: ['url_rewriter_para_worker']
2025-04-29 12:51:47 | INFO | PID:9748 | Found worker class: UrlRewriterParallelWorker
2025-04-29 12:51:48 | INFO | PID:15792 | Started worker process 1268
2025-04-29 12:51:48 | INFO | PID:31652 | Starting worker url_rewriter_para_worker for queue f46ce330-0a31-49e4-986d-b3e3b42801bc_manual
2025-04-29 12:51:48 | INFO | PID:31652 | Created new channel
2025-04-29 12:51:48 | INFO | PID:31652 | Declared queue: f46ce330-0a31-49e4-986d-b3e3b42801bc_manual
2025-04-29 12:51:48 | INFO | PID:31652 | Available workers: ['url_rewriter_para_worker']
2025-04-29 12:51:48 | INFO | PID:31652 | Found worker class: UrlRewriterParallelWorker
2025-04-29 12:51:49 | INFO | PID:15792 | Started worker process 9748
2025-04-29 12:51:49 | INFO | PID:32480 | Starting worker url_rewriter_para_worker for queue f46ce330-0a31-49e4-986d-b3e3b42801bc_manual
2025-04-29 12:51:49 | INFO | PID:32480 | Created new channel
2025-04-29 12:51:49 | INFO | PID:32480 | Declared queue: f46ce330-0a31-49e4-986d-b3e3b42801bc_manual
2025-04-29 12:51:50 | INFO | PID:32480 | Available workers: ['url_rewriter_para_worker']
2025-04-29 12:51:50 | INFO | PID:32480 | Found worker class: UrlRewriterParallelWorker
2025-04-29 12:51:51 | INFO | PID:15792 | Started worker process 31652
2025-04-29 12:51:51 | INFO | PID:33056 | Starting worker url_rewriter_para_worker for queue f46ce330-0a31-49e4-986d-b3e3b42801bc_manual
2025-04-29 12:51:51 | INFO | PID:33056 | Created new channel
2025-04-29 12:51:51 | INFO | PID:33056 | Declared queue: f46ce330-0a31-49e4-986d-b3e3b42801bc_manual
2025-04-29 12:51:51 | INFO | PID:33056 | Available workers: ['url_rewriter_para_worker']
2025-04-29 12:51:51 | INFO | PID:33056 | Found worker class: UrlRewriterParallelWorker
2025-04-29 12:51:52 | INFO | PID:15792 | Started worker process 32480
2025-04-29 12:51:53 | INFO | PID:8516 | Starting worker url_rewriter_para_worker for queue f46ce330-0a31-49e4-986d-b3e3b42801bc_manual
2025-04-29 12:51:53 | INFO | PID:8516 | Created new channel
2025-04-29 12:51:53 | INFO | PID:8516 | Declared queue: f46ce330-0a31-49e4-986d-b3e3b42801bc_manual
2025-04-29 12:51:53 | INFO | PID:8516 | Available workers: ['url_rewriter_para_worker']
2025-04-29 12:51:53 | INFO | PID:8516 | Found worker class: UrlRewriterParallelWorker
2025-04-29 12:51:54 | INFO | PID:15792 | Started worker process 33056
2025-04-29 12:51:54 | INFO | PID:7532 | Starting worker url_rewriter_para_worker for queue f46ce330-0a31-49e4-986d-b3e3b42801bc_manual
2025-04-29 12:51:54 | INFO | PID:7532 | Created new channel
2025-04-29 12:51:54 | INFO | PID:7532 | Declared queue: f46ce330-0a31-49e4-986d-b3e3b42801bc_manual
2025-04-29 12:51:54 | INFO | PID:7532 | Available workers: ['url_rewriter_para_worker']
2025-04-29 12:51:54 | INFO | PID:7532 | Found worker class: UrlRewriterParallelWorker
2025-04-29 12:51:55 | INFO | PID:15792 | Started worker process 8516
2025-04-29 12:51:56 | INFO | PID:22172 | Starting worker url_rewriter_para_worker for queue f46ce330-0a31-49e4-986d-b3e3b42801bc_manual
2025-04-29 12:51:56 | INFO | PID:22172 | Created new channel
2025-04-29 12:51:56 | INFO | PID:22172 | Declared queue: f46ce330-0a31-49e4-986d-b3e3b42801bc_manual
2025-04-29 12:51:56 | INFO | PID:22172 | Available workers: ['url_rewriter_para_worker']
2025-04-29 12:51:56 | INFO | PID:22172 | Found worker class: UrlRewriterParallelWorker
2025-04-29 12:51:57 | INFO | PID:15792 | Started worker process 7532
2025-04-29 12:51:58 | INFO | PID:15792 | Started worker process 22172
2025-04-29 12:51:58 | INFO | PID:5896 | Starting worker url_rewriter_para_worker for queue f46ce330-0a31-49e4-986d-b3e3b42801bc_manual
2025-04-29 12:51:58 | INFO | PID:5896 | Created new channel
2025-04-29 12:51:58 | INFO | PID:5896 | Declared queue: f46ce330-0a31-49e4-986d-b3e3b42801bc_manual
2025-04-29 12:51:58 | INFO | PID:5896 | Available workers: ['url_rewriter_para_worker']
2025-04-29 12:51:58 | INFO | PID:5896 | Found worker class: UrlRewriterParallelWorker
2025-04-29 12:52:00 | INFO | PID:15792 | Started worker process 5896
2025-04-29 12:52:01 | INFO | PID:30016 | Starting worker url_rewriter_para_worker for queue f46ce330-0a31-49e4-986d-b3e3b42801bc_manual
2025-04-29 12:52:01 | INFO | PID:30016 | Created new channel
2025-04-29 12:52:01 | INFO | PID:30016 | Declared queue: f46ce330-0a31-49e4-986d-b3e3b42801bc_manual
2025-04-29 12:52:01 | INFO | PID:30016 | Available workers: ['url_rewriter_para_worker']
2025-04-29 12:52:01 | INFO | PID:30016 | Found worker class: UrlRewriterParallelWorker
2025-04-29 12:52:03 | INFO | PID:15792 | Started worker process 30016
2025-04-29 12:52:03 | INFO | PID:18664 | Starting worker url_rewriter_para_worker for queue f46ce330-0a31-49e4-986d-b3e3b42801bc_manual
2025-04-29 12:52:03 | INFO | PID:18664 | Created new channel
2025-04-29 12:52:03 | INFO | PID:18664 | Declared queue: f46ce330-0a31-49e4-986d-b3e3b42801bc_manual
2025-04-29 12:52:04 | INFO | PID:18664 | Available workers: ['url_rewriter_para_worker']
2025-04-29 12:52:04 | INFO | PID:18664 | Found worker class: UrlRewriterParallelWorker
2025-04-29 12:52:06 | INFO | PID:15792 | Started worker process 18664
2025-04-29 12:52:07 | INFO | PID:33048 | Starting worker url_rewriter_para_worker for queue f46ce330-0a31-49e4-986d-b3e3b42801bc_manual
2025-04-29 12:52:07 | INFO | PID:33048 | Created new channel
2025-04-29 12:52:07 | INFO | PID:33048 | Declared queue: f46ce330-0a31-49e4-986d-b3e3b42801bc_manual
2025-04-29 12:52:07 | INFO | PID:33048 | Available workers: ['url_rewriter_para_worker']
2025-04-29 12:52:07 | INFO | PID:33048 | Found worker class: UrlRewriterParallelWorker
2025-04-29 12:52:09 | INFO | PID:15792 | Started worker process 33048
2025-04-29 12:52:09 | INFO | PID:7484 | Starting worker url_rewriter_para_worker for queue f46ce330-0a31-49e4-986d-b3e3b42801bc_manual
2025-04-29 12:52:10 | INFO | PID:7484 | Created new channel
2025-04-29 12:52:10 | INFO | PID:7484 | Declared queue: f46ce330-0a31-49e4-986d-b3e3b42801bc_manual
2025-04-29 12:52:10 | INFO | PID:7484 | Available workers: ['url_rewriter_para_worker']
2025-04-29 12:52:10 | INFO | PID:7484 | Found worker class: UrlRewriterParallelWorker
2025-04-29 12:52:12 | INFO | PID:15792 | Started worker process 7484
2025-04-29 12:52:12 | INFO | PID:17244 | Starting worker url_rewriter_para_worker for queue f46ce330-0a31-49e4-986d-b3e3b42801bc_manual
2025-04-29 12:52:12 | INFO | PID:17244 | Created new channel
2025-04-29 12:52:12 | INFO | PID:17244 | Declared queue: f46ce330-0a31-49e4-986d-b3e3b42801bc_manual
2025-04-29 12:52:13 | INFO | PID:17244 | Available workers: ['url_rewriter_para_worker']
2025-04-29 12:52:13 | INFO | PID:17244 | Found worker class: UrlRewriterParallelWorker
2025-04-29 12:52:15 | INFO | PID:15792 | Started worker process 17244
2025-04-29 12:52:15 | INFO | PID:34252 | Starting worker url_rewriter_para_worker for queue f46ce330-0a31-49e4-986d-b3e3b42801bc_manual
2025-04-29 12:52:15 | INFO | PID:34252 | Created new channel
2025-04-29 12:52:15 | INFO | PID:34252 | Declared queue: f46ce330-0a31-49e4-986d-b3e3b42801bc_manual
2025-04-29 12:52:16 | INFO | PID:34252 | Available workers: ['url_rewriter_para_worker']
2025-04-29 12:52:16 | INFO | PID:34252 | Found worker class: UrlRewriterParallelWorker
2025-04-29 12:52:18 | INFO | PID:15792 | Started worker process 34252
2025-04-29 12:52:18 | INFO | PID:31524 | Starting worker url_rewriter_para_worker for queue f46ce330-0a31-49e4-986d-b3e3b42801bc_manual
2025-04-29 12:52:19 | INFO | PID:31524 | Created new channel
2025-04-29 12:52:19 | INFO | PID:31524 | Declared queue: f46ce330-0a31-49e4-986d-b3e3b42801bc_manual
2025-04-29 12:52:19 | INFO | PID:31524 | Available workers: ['url_rewriter_para_worker']
2025-04-29 12:52:19 | INFO | PID:31524 | Found worker class: UrlRewriterParallelWorker
2025-04-29 12:52:21 | INFO | PID:15792 | Started worker process 31524
2025-04-29 12:52:21 | INFO | PID:7852 | Starting worker url_rewriter_para_worker for queue f46ce330-0a31-49e4-986d-b3e3b42801bc_manual
2025-04-29 12:52:22 | INFO | PID:7852 | Created new channel
2025-04-29 12:52:22 | INFO | PID:7852 | Declared queue: f46ce330-0a31-49e4-986d-b3e3b42801bc_manual
2025-04-29 12:52:22 | INFO | PID:7852 | Available workers: ['url_rewriter_para_worker']
2025-04-29 12:52:22 | INFO | PID:7852 | Found worker class: UrlRewriterParallelWorker
2025-04-29 12:52:24 | INFO | PID:15792 | Started worker process 7852
2025-04-29 12:52:25 | INFO | PID:27864 | Starting worker url_rewriter_para_worker for queue f46ce330-0a31-49e4-986d-b3e3b42801bc_manual
2025-04-29 12:52:25 | INFO | PID:27864 | Created new channel
2025-04-29 12:52:25 | INFO | PID:27864 | Declared queue: f46ce330-0a31-49e4-986d-b3e3b42801bc_manual
2025-04-29 12:52:25 | INFO | PID:27864 | Available workers: ['url_rewriter_para_worker']
2025-04-29 12:52:25 | INFO | PID:27864 | Found worker class: UrlRewriterParallelWorker
2025-04-29 12:52:27 | INFO | PID:15792 | Started worker process 27864
2025-04-29 12:52:28 | INFO | PID:2616 | Starting worker url_rewriter_para_worker for queue f46ce330-0a31-49e4-986d-b3e3b42801bc_manual
2025-04-29 12:52:28 | INFO | PID:2616 | Created new channel
2025-04-29 12:52:28 | INFO | PID:2616 | Declared queue: f46ce330-0a31-49e4-986d-b3e3b42801bc_manual
2025-04-29 12:52:29 | INFO | PID:2616 | Available workers: ['url_rewriter_para_worker']
2025-04-29 12:52:29 | INFO | PID:2616 | Found worker class: UrlRewriterParallelWorker
2025-04-29 12:52:30 | INFO | PID:15792 | Started worker process 2616
2025-04-29 12:52:32 | INFO | PID:21924 | Starting worker url_rewriter_para_worker for queue f46ce330-0a31-49e4-986d-b3e3b42801bc_manual
2025-04-29 12:52:32 | INFO | PID:21924 | Created new channel
2025-04-29 12:52:32 | INFO | PID:21924 | Declared queue: f46ce330-0a31-49e4-986d-b3e3b42801bc_manual
2025-04-29 12:52:32 | INFO | PID:21924 | Available workers: ['url_rewriter_para_worker']
2025-04-29 12:52:32 | INFO | PID:21924 | Found worker class: UrlRewriterParallelWorker
2025-04-29 12:52:33 | INFO | PID:15792 | Started worker process 21924
2025-04-29 12:52:34 | INFO | PID:7272 | Starting worker url_rewriter_para_worker for queue f46ce330-0a31-49e4-986d-b3e3b42801bc_manual
2025-04-29 12:52:34 | INFO | PID:7272 | Created new channel
2025-04-29 12:52:34 | INFO | PID:7272 | Declared queue: f46ce330-0a31-49e4-986d-b3e3b42801bc_manual
2025-04-29 12:52:34 | INFO | PID:7272 | Available workers: ['url_rewriter_para_worker']
2025-04-29 12:52:34 | INFO | PID:7272 | Found worker class: UrlRewriterParallelWorker
2025-04-29 12:52:36 | INFO | PID:15792 | Started worker process 7272
2025-04-29 12:54:00 | INFO | PID:15792 | Found 0 existing workers for url_rewriter_para_worker on f46ce330-0a31-49e4-986d-b3e3b42801bc_url-re
2025-04-29 12:54:01 | INFO | PID:9140 | Starting worker url_rewriter_para_worker for queue f46ce330-0a31-49e4-986d-b3e3b42801bc_url-re
2025-04-29 12:54:01 | INFO | PID:9140 | Created new channel
2025-04-29 12:54:01 | INFO | PID:9140 | Declared queue: f46ce330-0a31-49e4-986d-b3e3b42801bc_url-re
2025-04-29 12:54:01 | INFO | PID:9140 | Available workers: ['url_rewriter_para_worker']
2025-04-29 12:54:01 | INFO | PID:9140 | Found worker class: UrlRewriterParallelWorker
2025-04-29 12:54:03 | INFO | PID:15792 | Started worker process 9140
2025-04-29 12:55:23 | INFO | PID:15792 | Found 0 existing workers for url_rewriter_para_worker on f46ce330-0a31-49e4-986d-b3e3b42801bc_url-re
2025-04-29 12:55:24 | INFO | PID:19152 | Starting worker url_rewriter_para_worker for queue f46ce330-0a31-49e4-986d-b3e3b42801bc_url-re
2025-04-29 12:55:24 | INFO | PID:19152 | Created new channel
2025-04-29 12:55:24 | INFO | PID:19152 | Declared queue: f46ce330-0a31-49e4-986d-b3e3b42801bc_url-re
2025-04-29 12:55:24 | INFO | PID:19152 | Available workers: ['url_rewriter_para_worker']
2025-04-29 12:55:24 | INFO | PID:19152 | Found worker class: UrlRewriterParallelWorker
2025-04-29 12:55:26 | INFO | PID:15792 | Started worker process 19152
2025-04-29 12:57:56 | INFO | PID:15792 | Found 0 existing workers for url_rewriter_para_worker on 501b60d2-4f5b-4cd9-8df2-6d49341b38f5_url-re
2025-04-29 12:57:57 | INFO | PID:12932 | Starting worker url_rewriter_para_worker for queue 501b60d2-4f5b-4cd9-8df2-6d49341b38f5_url-re
2025-04-29 12:57:57 | INFO | PID:12932 | Created new channel
2025-04-29 12:57:57 | INFO | PID:12932 | Declared queue: 501b60d2-4f5b-4cd9-8df2-6d49341b38f5_url-re
2025-04-29 12:57:57 | INFO | PID:12932 | Available workers: ['url_rewriter_para_worker']
2025-04-29 12:57:57 | INFO | PID:12932 | Found worker class: UrlRewriterParallelWorker
2025-04-29 12:57:59 | INFO | PID:15792 | Started worker process 12932
2025-04-29 12:58:00 | INFO | PID:30980 | Starting worker url_rewriter_para_worker for queue 501b60d2-4f5b-4cd9-8df2-6d49341b38f5_url-re
2025-04-29 12:58:00 | INFO | PID:30980 | Created new channel
2025-04-29 12:58:00 | INFO | PID:30980 | Declared queue: 501b60d2-4f5b-4cd9-8df2-6d49341b38f5_url-re
2025-04-29 12:58:00 | INFO | PID:30980 | Available workers: ['url_rewriter_para_worker']
2025-04-29 12:58:00 | INFO | PID:30980 | Found worker class: UrlRewriterParallelWorker
2025-04-29 12:58:02 | INFO | PID:15792 | Started worker process 30980
2025-04-29 12:58:04 | INFO | PID:26288 | Starting worker url_rewriter_para_worker for queue 501b60d2-4f5b-4cd9-8df2-6d49341b38f5_url-re
2025-04-29 12:58:04 | INFO | PID:26288 | Created new channel
2025-04-29 12:58:04 | INFO | PID:26288 | Declared queue: 501b60d2-4f5b-4cd9-8df2-6d49341b38f5_url-re
2025-04-29 12:58:04 | INFO | PID:26288 | Available workers: ['url_rewriter_para_worker']
2025-04-29 12:58:04 | INFO | PID:26288 | Found worker class: UrlRewriterParallelWorker
2025-04-29 12:58:05 | INFO | PID:15792 | Started worker process 26288
2025-04-29 12:58:06 | INFO | PID:7144 | Starting worker url_rewriter_para_worker for queue 501b60d2-4f5b-4cd9-8df2-6d49341b38f5_url-re
2025-04-29 12:58:06 | INFO | PID:7144 | Created new channel
2025-04-29 12:58:06 | INFO | PID:7144 | Declared queue: 501b60d2-4f5b-4cd9-8df2-6d49341b38f5_url-re
2025-04-29 12:58:07 | INFO | PID:7144 | Available workers: ['url_rewriter_para_worker']
2025-04-29 12:58:07 | INFO | PID:7144 | Found worker class: UrlRewriterParallelWorker
2025-04-29 12:58:08 | INFO | PID:15792 | Started worker process 7144
2025-04-29 12:58:09 | INFO | PID:31136 | Starting worker url_rewriter_para_worker for queue 501b60d2-4f5b-4cd9-8df2-6d49341b38f5_url-re
2025-04-29 12:58:10 | INFO | PID:31136 | Created new channel
2025-04-29 12:58:10 | INFO | PID:31136 | Declared queue: 501b60d2-4f5b-4cd9-8df2-6d49341b38f5_url-re
2025-04-29 12:58:10 | INFO | PID:31136 | Available workers: ['url_rewriter_para_worker']
2025-04-29 12:58:10 | INFO | PID:31136 | Found worker class: UrlRewriterParallelWorker
2025-04-29 12:58:11 | INFO | PID:15792 | Started worker process 31136
2025-04-29 12:58:13 | INFO | PID:20980 | Starting worker url_rewriter_para_worker for queue 501b60d2-4f5b-4cd9-8df2-6d49341b38f5_url-re
2025-04-29 12:58:13 | INFO | PID:20980 | Created new channel
2025-04-29 12:58:13 | INFO | PID:20980 | Declared queue: 501b60d2-4f5b-4cd9-8df2-6d49341b38f5_url-re
2025-04-29 12:58:13 | INFO | PID:20980 | Available workers: ['url_rewriter_para_worker']
2025-04-29 12:58:13 | INFO | PID:20980 | Found worker class: UrlRewriterParallelWorker
2025-04-29 12:58:14 | INFO | PID:15792 | Started worker process 20980
2025-04-29 12:58:15 | INFO | PID:13700 | Starting worker url_rewriter_para_worker for queue 501b60d2-4f5b-4cd9-8df2-6d49341b38f5_url-re
2025-04-29 12:58:16 | INFO | PID:13700 | Created new channel
2025-04-29 12:58:16 | INFO | PID:13700 | Declared queue: 501b60d2-4f5b-4cd9-8df2-6d49341b38f5_url-re
2025-04-29 12:58:16 | INFO | PID:13700 | Available workers: ['url_rewriter_para_worker']
2025-04-29 12:58:16 | INFO | PID:13700 | Found worker class: UrlRewriterParallelWorker
2025-04-29 12:58:18 | INFO | PID:15792 | Started worker process 13700
2025-04-29 12:58:20 | INFO | PID:18088 | Starting worker url_rewriter_para_worker for queue 501b60d2-4f5b-4cd9-8df2-6d49341b38f5_url-re
2025-04-29 12:58:20 | INFO | PID:18088 | Created new channel
2025-04-29 12:58:20 | INFO | PID:18088 | Declared queue: 501b60d2-4f5b-4cd9-8df2-6d49341b38f5_url-re
2025-04-29 12:58:20 | INFO | PID:18088 | Available workers: ['url_rewriter_para_worker']
2025-04-29 12:58:20 | INFO | PID:18088 | Found worker class: UrlRewriterParallelWorker
2025-04-29 12:58:21 | INFO | PID:15792 | Started worker process 18088
2025-04-29 12:58:22 | INFO | PID:11520 | Starting worker url_rewriter_para_worker for queue 501b60d2-4f5b-4cd9-8df2-6d49341b38f5_url-re
2025-04-29 12:58:23 | INFO | PID:11520 | Created new channel
2025-04-29 12:58:23 | INFO | PID:11520 | Declared queue: 501b60d2-4f5b-4cd9-8df2-6d49341b38f5_url-re
2025-04-29 12:58:23 | INFO | PID:11520 | Available workers: ['url_rewriter_para_worker']
2025-04-29 12:58:23 | INFO | PID:11520 | Found worker class: UrlRewriterParallelWorker
2025-04-29 12:58:24 | INFO | PID:15792 | Started worker process 11520
2025-04-29 12:58:25 | INFO | PID:17608 | Starting worker url_rewriter_para_worker for queue 501b60d2-4f5b-4cd9-8df2-6d49341b38f5_url-re
2025-04-29 12:58:25 | INFO | PID:17608 | Created new channel
2025-04-29 12:58:25 | INFO | PID:17608 | Declared queue: 501b60d2-4f5b-4cd9-8df2-6d49341b38f5_url-re
2025-04-29 12:58:25 | INFO | PID:17608 | Available workers: ['url_rewriter_para_worker']
2025-04-29 12:58:25 | INFO | PID:17608 | Found worker class: UrlRewriterParallelWorker
2025-04-29 12:58:27 | INFO | PID:15792 | Started worker process 17608
2025-04-29 13:06:24 | INFO | PID:23420 | Queue 'article-input-queue2' created successfully
2025-04-29 13:06:38 | INFO | PID:23420 | Found 0 existing workers for url_rewriter_para_worker on article-input-queue2
2025-04-29 13:06:39 | INFO | PID:19128 | Starting worker url_rewriter_para_worker for queue article-input-queue2
2025-04-29 13:06:39 | INFO | PID:19128 | Created new channel
2025-04-29 13:06:39 | INFO | PID:19128 | Declared queue: article-input-queue2
2025-04-29 13:06:39 | INFO | PID:19128 | Available workers: ['url_rewriter_para_worker']
2025-04-29 13:06:39 | INFO | PID:19128 | Found worker class: UrlRewriterParallelWorker
2025-04-29 13:06:41 | INFO | PID:23420 | Started worker process 19128
2025-04-29 13:06:42 | INFO | PID:31892 | Starting worker url_rewriter_para_worker for queue article-input-queue2
2025-04-29 13:06:42 | INFO | PID:31892 | Created new channel
2025-04-29 13:06:42 | INFO | PID:31892 | Declared queue: article-input-queue2
2025-04-29 13:06:42 | INFO | PID:31892 | Available workers: ['url_rewriter_para_worker']
2025-04-29 13:06:42 | INFO | PID:31892 | Found worker class: UrlRewriterParallelWorker
2025-04-29 13:06:44 | INFO | PID:23420 | Started worker process 31892
2025-04-29 13:06:45 | INFO | PID:6832 | Starting worker url_rewriter_para_worker for queue article-input-queue2
2025-04-29 13:06:45 | INFO | PID:6832 | Created new channel
2025-04-29 13:06:45 | INFO | PID:6832 | Declared queue: article-input-queue2
2025-04-29 13:06:45 | INFO | PID:6832 | Available workers: ['url_rewriter_para_worker']
2025-04-29 13:06:45 | INFO | PID:6832 | Found worker class: UrlRewriterParallelWorker
2025-04-29 13:06:47 | INFO | PID:23420 | Started worker process 6832
2025-04-29 13:06:48 | INFO | PID:5896 | Starting worker url_rewriter_para_worker for queue article-input-queue2
2025-04-29 13:06:48 | INFO | PID:5896 | Created new channel
2025-04-29 13:06:48 | INFO | PID:5896 | Declared queue: article-input-queue2
2025-04-29 13:06:48 | INFO | PID:5896 | Available workers: ['url_rewriter_para_worker']
2025-04-29 13:06:48 | INFO | PID:5896 | Found worker class: UrlRewriterParallelWorker
2025-04-29 13:06:50 | INFO | PID:23420 | Started worker process 5896
2025-04-29 13:06:51 | INFO | PID:19444 | Starting worker url_rewriter_para_worker for queue article-input-queue2
2025-04-29 13:06:51 | INFO | PID:19444 | Created new channel
2025-04-29 13:06:51 | INFO | PID:19444 | Declared queue: article-input-queue2
2025-04-29 13:06:51 | INFO | PID:19444 | Available workers: ['url_rewriter_para_worker']
2025-04-29 13:06:51 | INFO | PID:19444 | Found worker class: UrlRewriterParallelWorker
2025-04-29 13:06:53 | INFO | PID:23420 | Started worker process 19444
2025-04-29 13:06:54 | INFO | PID:25980 | Starting worker url_rewriter_para_worker for queue article-input-queue2
2025-04-29 13:06:54 | INFO | PID:25980 | Created new channel
2025-04-29 13:06:54 | INFO | PID:25980 | Declared queue: article-input-queue2
2025-04-29 13:06:54 | INFO | PID:25980 | Available workers: ['url_rewriter_para_worker']
2025-04-29 13:06:54 | INFO | PID:25980 | Found worker class: UrlRewriterParallelWorker
2025-04-29 13:06:56 | INFO | PID:23420 | Started worker process 25980
2025-04-29 13:06:57 | INFO | PID:34504 | Starting worker url_rewriter_para_worker for queue article-input-queue2
2025-04-29 13:06:57 | INFO | PID:34504 | Created new channel
2025-04-29 13:06:57 | INFO | PID:34504 | Declared queue: article-input-queue2
2025-04-29 13:06:58 | INFO | PID:34504 | Available workers: ['url_rewriter_para_worker']
2025-04-29 13:06:58 | INFO | PID:34504 | Found worker class: UrlRewriterParallelWorker
2025-04-29 13:06:59 | INFO | PID:23420 | Started worker process 34504
2025-04-29 13:07:00 | INFO | PID:33996 | Starting worker url_rewriter_para_worker for queue article-input-queue2
2025-04-29 13:07:00 | INFO | PID:33996 | Created new channel
2025-04-29 13:07:00 | INFO | PID:33996 | Declared queue: article-input-queue2
2025-04-29 13:07:00 | INFO | PID:33996 | Available workers: ['url_rewriter_para_worker']
2025-04-29 13:07:00 | INFO | PID:33996 | Found worker class: UrlRewriterParallelWorker
2025-04-29 13:07:02 | INFO | PID:23420 | Started worker process 33996
2025-04-29 13:07:03 | INFO | PID:32212 | Starting worker url_rewriter_para_worker for queue article-input-queue2
2025-04-29 13:07:03 | INFO | PID:32212 | Created new channel
2025-04-29 13:07:03 | INFO | PID:32212 | Declared queue: article-input-queue2
2025-04-29 13:07:03 | INFO | PID:32212 | Available workers: ['url_rewriter_para_worker']
2025-04-29 13:07:03 | INFO | PID:32212 | Found worker class: UrlRewriterParallelWorker
2025-04-29 13:07:05 | INFO | PID:23420 | Started worker process 32212
2025-04-29 13:07:06 | INFO | PID:18304 | Starting worker url_rewriter_para_worker for queue article-input-queue2
2025-04-29 13:07:06 | INFO | PID:18304 | Created new channel
2025-04-29 13:07:06 | INFO | PID:18304 | Declared queue: article-input-queue2
2025-04-29 13:07:06 | INFO | PID:18304 | Available workers: ['url_rewriter_para_worker']
2025-04-29 13:07:06 | INFO | PID:18304 | Found worker class: UrlRewriterParallelWorker
2025-04-29 13:07:08 | INFO | PID:23420 | Started worker process 18304
2025-04-29 13:09:59 | INFO | PID:23420 | Found 0 existing workers for url_rewriter_para_worker on article-input-queue2
2025-04-29 13:10:00 | INFO | PID:15468 | Starting worker url_rewriter_para_worker for queue article-input-queue2
2025-04-29 13:10:00 | INFO | PID:15468 | Created new channel
2025-04-29 13:10:00 | INFO | PID:15468 | Declared queue: article-input-queue2
2025-04-29 13:10:00 | INFO | PID:15468 | Available workers: ['url_rewriter_para_worker']
2025-04-29 13:10:00 | INFO | PID:15468 | Found worker class: UrlRewriterParallelWorker
2025-04-29 13:10:02 | INFO | PID:23420 | Started worker process 15468
2025-04-29 13:13:01 | INFO | PID:19532 | Queue 'article-input-queue2' created successfully
2025-04-29 13:13:07 | INFO | PID:19532 | Found 0 existing workers for url_rewriter_para_worker on article-input-queue2
2025-04-29 13:13:09 | INFO | PID:26152 | Starting worker url_rewriter_para_worker for queue article-input-queue2
2025-04-29 13:13:09 | INFO | PID:26152 | Created new channel
2025-04-29 13:13:09 | INFO | PID:26152 | Declared queue: article-input-queue2
2025-04-29 13:13:09 | INFO | PID:26152 | Available workers: ['url_rewriter_para_worker']
2025-04-29 13:13:09 | INFO | PID:26152 | Found worker class: UrlRewriterParallelWorker
2025-04-29 13:13:10 | INFO | PID:19532 | Started worker process 26152
2025-04-29 13:13:25 | INFO | PID:19532 | Found 0 existing workers for url_rewriter_para_worker on article-input-queue2
2025-04-29 13:13:27 | INFO | PID:18716 | Starting worker url_rewriter_para_worker for queue article-input-queue2
2025-04-29 13:13:27 | INFO | PID:18716 | Created new channel
2025-04-29 13:13:27 | INFO | PID:18716 | Declared queue: article-input-queue2
2025-04-29 13:13:27 | INFO | PID:18716 | Available workers: ['url_rewriter_para_worker']
2025-04-29 13:13:27 | INFO | PID:18716 | Found worker class: UrlRewriterParallelWorker
2025-04-29 13:13:28 | INFO | PID:19532 | Started worker process 18716
2025-04-29 13:13:30 | INFO | PID:28628 | Starting worker url_rewriter_para_worker for queue article-input-queue2
2025-04-29 13:13:30 | INFO | PID:28628 | Created new channel
2025-04-29 13:13:30 | INFO | PID:28628 | Declared queue: article-input-queue2
2025-04-29 13:13:30 | INFO | PID:28628 | Available workers: ['url_rewriter_para_worker']
2025-04-29 13:13:30 | INFO | PID:28628 | Found worker class: UrlRewriterParallelWorker
2025-04-29 13:13:32 | INFO | PID:19532 | Started worker process 28628
2025-04-29 13:13:32 | INFO | PID:33604 | Starting worker url_rewriter_para_worker for queue article-input-queue2
2025-04-29 13:13:33 | INFO | PID:33604 | Created new channel
2025-04-29 13:13:33 | INFO | PID:33604 | Declared queue: article-input-queue2
2025-04-29 13:13:33 | INFO | PID:33604 | Available workers: ['url_rewriter_para_worker']
2025-04-29 13:13:33 | INFO | PID:33604 | Found worker class: UrlRewriterParallelWorker
2025-04-29 13:13:35 | INFO | PID:19532 | Started worker process 33604
2025-04-29 13:13:35 | INFO | PID:25696 | Starting worker url_rewriter_para_worker for queue article-input-queue2
2025-04-29 13:13:36 | INFO | PID:25696 | Created new channel
2025-04-29 13:13:36 | INFO | PID:25696 | Declared queue: article-input-queue2
2025-04-29 13:13:36 | INFO | PID:25696 | Available workers: ['url_rewriter_para_worker']
2025-04-29 13:13:36 | INFO | PID:25696 | Found worker class: UrlRewriterParallelWorker
2025-04-29 13:13:38 | INFO | PID:19532 | Started worker process 25696
2025-04-29 13:13:38 | INFO | PID:12664 | Starting worker url_rewriter_para_worker for queue article-input-queue2
2025-04-29 13:13:38 | INFO | PID:12664 | Created new channel
2025-04-29 13:13:38 | INFO | PID:12664 | Declared queue: article-input-queue2
2025-04-29 13:13:39 | INFO | PID:12664 | Available workers: ['url_rewriter_para_worker']
2025-04-29 13:13:39 | INFO | PID:12664 | Found worker class: UrlRewriterParallelWorker
2025-04-29 13:13:41 | INFO | PID:19532 | Started worker process 12664
2025-04-29 13:13:41 | INFO | PID:18472 | Starting worker url_rewriter_para_worker for queue article-input-queue2
2025-04-29 13:13:41 | INFO | PID:18472 | Created new channel
2025-04-29 13:13:41 | INFO | PID:18472 | Declared queue: article-input-queue2
2025-04-29 13:13:42 | INFO | PID:18472 | Available workers: ['url_rewriter_para_worker']
2025-04-29 13:13:42 | INFO | PID:18472 | Found worker class: UrlRewriterParallelWorker
2025-04-29 13:13:44 | INFO | PID:19532 | Started worker process 18472
2025-04-29 13:13:44 | INFO | PID:28936 | Starting worker url_rewriter_para_worker for queue article-input-queue2
2025-04-29 13:13:45 | INFO | PID:28936 | Created new channel
2025-04-29 13:13:45 | INFO | PID:28936 | Declared queue: article-input-queue2
2025-04-29 13:13:45 | INFO | PID:28936 | Available workers: ['url_rewriter_para_worker']
2025-04-29 13:13:45 | INFO | PID:28936 | Found worker class: UrlRewriterParallelWorker
2025-04-29 13:13:47 | INFO | PID:19532 | Started worker process 28936
2025-04-29 13:13:47 | INFO | PID:34384 | Starting worker url_rewriter_para_worker for queue article-input-queue2
2025-04-29 13:13:48 | INFO | PID:34384 | Created new channel
2025-04-29 13:13:48 | INFO | PID:34384 | Declared queue: article-input-queue2
2025-04-29 13:13:48 | INFO | PID:34384 | Available workers: ['url_rewriter_para_worker']
2025-04-29 13:13:48 | INFO | PID:34384 | Found worker class: UrlRewriterParallelWorker
2025-04-29 13:13:50 | INFO | PID:19532 | Started worker process 34384
2025-04-29 13:13:51 | INFO | PID:6056 | Starting worker url_rewriter_para_worker for queue article-input-queue2
2025-04-29 13:13:51 | INFO | PID:6056 | Created new channel
2025-04-29 13:13:51 | INFO | PID:6056 | Declared queue: article-input-queue2
2025-04-29 13:13:52 | INFO | PID:6056 | Available workers: ['url_rewriter_para_worker']
2025-04-29 13:13:52 | INFO | PID:6056 | Found worker class: UrlRewriterParallelWorker
2025-04-29 13:13:53 | INFO | PID:19532 | Started worker process 6056
2025-04-29 13:13:54 | INFO | PID:17720 | Starting worker url_rewriter_para_worker for queue article-input-queue2
2025-04-29 13:13:54 | INFO | PID:17720 | Created new channel
2025-04-29 13:13:54 | INFO | PID:17720 | Declared queue: article-input-queue2
2025-04-29 13:13:54 | INFO | PID:17720 | Available workers: ['url_rewriter_para_worker']
2025-04-29 13:13:54 | INFO | PID:17720 | Found worker class: UrlRewriterParallelWorker
2025-04-29 13:13:56 | INFO | PID:19532 | Started worker process 17720
2025-04-29 13:14:08 | INFO | PID:19532 | Found 0 existing workers for url_rewriter_para_worker on article-input-queue2
2025-04-29 13:14:09 | INFO | PID:20784 | Starting worker url_rewriter_para_worker for queue article-input-queue2
2025-04-29 13:14:09 | INFO | PID:20784 | Created new channel
2025-04-29 13:14:09 | INFO | PID:20784 | Declared queue: article-input-queue2
2025-04-29 13:14:09 | INFO | PID:20784 | Available workers: ['url_rewriter_para_worker']
2025-04-29 13:14:09 | INFO | PID:20784 | Found worker class: UrlRewriterParallelWorker
2025-04-29 13:14:11 | INFO | PID:19532 | Started worker process 20784
2025-04-29 13:29:24 | INFO | PID:380 | Found 0 existing workers for url_rewriter_para_worker on article-input-queue2
2025-04-29 13:29:25 | INFO | PID:20992 | Starting worker url_rewriter_para_worker for queue article-input-queue2
2025-04-29 13:29:25 | INFO | PID:20992 | Created new channel
2025-04-29 13:29:25 | INFO | PID:20992 | Declared queue: article-input-queue2
2025-04-29 13:29:25 | INFO | PID:20992 | Available workers: ['url_rewriter_para_worker']
2025-04-29 13:29:25 | INFO | PID:20992 | Found worker class: UrlRewriterParallelWorker
2025-04-29 13:29:27 | INFO | PID:380 | Started worker process 20992
2025-04-29 13:29:45 | INFO | PID:380 | Found 0 existing workers for url_rewriter_para_worker on article-input-queue2
2025-04-29 13:29:46 | INFO | PID:34340 | Starting worker url_rewriter_para_worker for queue article-input-queue2
2025-04-29 13:29:46 | INFO | PID:34340 | Created new channel
2025-04-29 13:29:46 | INFO | PID:34340 | Declared queue: article-input-queue2
2025-04-29 13:29:46 | INFO | PID:34340 | Available workers: ['url_rewriter_para_worker']
2025-04-29 13:29:46 | INFO | PID:34340 | Found worker class: UrlRewriterParallelWorker
2025-04-29 13:29:48 | INFO | PID:380 | Started worker process 34340
2025-04-29 13:29:49 | INFO | PID:7464 | Starting worker url_rewriter_para_worker for queue article-input-queue2
2025-04-29 13:29:49 | INFO | PID:7464 | Created new channel
2025-04-29 13:29:49 | INFO | PID:7464 | Declared queue: article-input-queue2
2025-04-29 13:29:49 | INFO | PID:7464 | Available workers: ['url_rewriter_para_worker']
2025-04-29 13:29:49 | INFO | PID:7464 | Found worker class: UrlRewriterParallelWorker
2025-04-29 13:29:51 | INFO | PID:380 | Started worker process 7464
2025-04-29 13:29:52 | INFO | PID:4640 | Starting worker url_rewriter_para_worker for queue article-input-queue2
2025-04-29 13:29:52 | INFO | PID:4640 | Created new channel
2025-04-29 13:29:52 | INFO | PID:4640 | Declared queue: article-input-queue2
2025-04-29 13:29:52 | INFO | PID:4640 | Available workers: ['url_rewriter_para_worker']
2025-04-29 13:29:52 | INFO | PID:4640 | Found worker class: UrlRewriterParallelWorker
2025-04-29 13:29:54 | INFO | PID:380 | Started worker process 4640
2025-04-29 13:29:55 | INFO | PID:5080 | Starting worker url_rewriter_para_worker for queue article-input-queue2
2025-04-29 13:29:55 | INFO | PID:5080 | Created new channel
2025-04-29 13:29:55 | INFO | PID:5080 | Declared queue: article-input-queue2
2025-04-29 13:29:55 | INFO | PID:5080 | Available workers: ['url_rewriter_para_worker']
2025-04-29 13:29:55 | INFO | PID:5080 | Found worker class: UrlRewriterParallelWorker
2025-04-29 13:29:57 | INFO | PID:380 | Started worker process 5080
2025-04-29 13:29:58 | INFO | PID:11436 | Starting worker url_rewriter_para_worker for queue article-input-queue2
2025-04-29 13:29:58 | INFO | PID:11436 | Created new channel
2025-04-29 13:29:58 | INFO | PID:11436 | Declared queue: article-input-queue2
2025-04-29 13:29:58 | INFO | PID:11436 | Available workers: ['url_rewriter_para_worker']
2025-04-29 13:29:58 | INFO | PID:11436 | Found worker class: UrlRewriterParallelWorker
2025-04-29 13:30:00 | INFO | PID:380 | Started worker process 11436
2025-04-29 14:02:32 | INFO | PID:11572 | Found 0 existing workers for url_rewriter_para_worker on article-input-queue2
2025-04-29 14:02:34 | INFO | PID:25508 | Starting worker url_rewriter_para_worker for queue article-input-queue2
2025-04-29 14:02:34 | INFO | PID:25508 | Created new channel
2025-04-29 14:02:34 | INFO | PID:25508 | Declared queue: article-input-queue2
2025-04-29 14:02:34 | INFO | PID:25508 | Available workers: ['url_rewriter_para_worker']
2025-04-29 14:02:34 | INFO | PID:25508 | Found worker class: UrlRewriterParallelWorker
2025-04-29 14:02:36 | INFO | PID:11572 | Started worker process 25508
2025-04-29 14:02:37 | INFO | PID:13100 | Starting worker url_rewriter_para_worker for queue article-input-queue2
2025-04-29 14:02:37 | INFO | PID:13100 | Created new channel
2025-04-29 14:02:37 | INFO | PID:13100 | Declared queue: article-input-queue2
2025-04-29 14:02:37 | INFO | PID:13100 | Available workers: ['url_rewriter_para_worker']
2025-04-29 14:02:37 | INFO | PID:13100 | Found worker class: UrlRewriterParallelWorker
2025-04-29 14:02:39 | INFO | PID:11572 | Started worker process 13100
2025-04-29 14:02:39 | INFO | PID:28068 | Starting worker url_rewriter_para_worker for queue article-input-queue2
2025-04-29 14:02:39 | INFO | PID:28068 | Created new channel
2025-04-29 14:02:39 | INFO | PID:28068 | Declared queue: article-input-queue2
2025-04-29 14:02:39 | INFO | PID:28068 | Available workers: ['url_rewriter_para_worker']
2025-04-29 14:02:39 | INFO | PID:28068 | Found worker class: UrlRewriterParallelWorker
2025-04-29 14:02:42 | INFO | PID:11572 | Started worker process 28068
2025-04-29 14:02:42 | INFO | PID:13492 | Starting worker url_rewriter_para_worker for queue article-input-queue2
2025-04-29 14:02:42 | INFO | PID:13492 | Created new channel
2025-04-29 14:02:42 | INFO | PID:13492 | Declared queue: article-input-queue2
2025-04-29 14:02:42 | INFO | PID:13492 | Available workers: ['url_rewriter_para_worker']
2025-04-29 14:02:42 | INFO | PID:13492 | Found worker class: UrlRewriterParallelWorker
2025-04-29 14:02:45 | INFO | PID:11572 | Started worker process 13492
2025-04-29 14:02:45 | INFO | PID:24844 | Starting worker url_rewriter_para_worker for queue article-input-queue2
2025-04-29 14:02:45 | INFO | PID:24844 | Created new channel
2025-04-29 14:02:45 | INFO | PID:24844 | Declared queue: article-input-queue2
2025-04-29 14:02:46 | INFO | PID:24844 | Available workers: ['url_rewriter_para_worker']
2025-04-29 14:02:46 | INFO | PID:24844 | Found worker class: UrlRewriterParallelWorker
2025-04-29 14:02:48 | INFO | PID:11572 | Started worker process 24844
2025-04-29 14:03:02 | INFO | PID:11572 | Found 0 existing workers for url_rewriter_para_worker on article-input-queue2
2025-04-29 14:03:03 | INFO | PID:33956 | Starting worker url_rewriter_para_worker for queue article-input-queue2
2025-04-29 14:03:03 | INFO | PID:33956 | Created new channel
2025-04-29 14:03:03 | INFO | PID:33956 | Declared queue: article-input-queue2
2025-04-29 14:03:03 | INFO | PID:33956 | Available workers: ['url_rewriter_para_worker']
2025-04-29 14:03:03 | INFO | PID:33956 | Found worker class: UrlRewriterParallelWorker
2025-04-29 14:03:05 | INFO | PID:11572 | Started worker process 33956
2025-04-29 14:10:58 | INFO | PID:8180 | Found 0 existing workers for url_rewriter_para_worker on article-input-queue2
2025-04-29 14:10:58 | INFO | PID:8180 | Scaling to target count: 1 (adding 1 workers)
2025-04-29 14:10:59 | INFO | PID:20320 | Starting worker url_rewriter_para_worker for queue article-input-queue2
2025-04-29 14:10:59 | INFO | PID:20320 | Created new channel
2025-04-29 14:10:59 | INFO | PID:20320 | Declared queue: article-input-queue2
2025-04-29 14:10:59 | INFO | PID:20320 | Available workers: ['url_rewriter_para_worker']
2025-04-29 14:10:59 | INFO | PID:20320 | Found worker class: UrlRewriterParallelWorker
2025-04-29 14:11:01 | INFO | PID:8180 | Started worker process 20320
2025-04-29 14:11:21 | INFO | PID:8180 | Found 0 existing workers for url_rewriter_para_worker on article-input-queue2
2025-04-29 14:11:21 | INFO | PID:8180 | Scaling to target count: 2 (adding 2 workers)
2025-04-29 14:11:21 | INFO | PID:3096 | Starting worker url_rewriter_para_worker for queue article-input-queue2
2025-04-29 14:11:21 | INFO | PID:3096 | Created new channel
2025-04-29 14:11:21 | INFO | PID:3096 | Declared queue: article-input-queue2
2025-04-29 14:11:22 | INFO | PID:3096 | Available workers: ['url_rewriter_para_worker']
2025-04-29 14:11:22 | INFO | PID:3096 | Found worker class: UrlRewriterParallelWorker
2025-04-29 14:11:24 | INFO | PID:8180 | Started worker process 3096
2025-04-29 14:11:25 | INFO | PID:10044 | Starting worker url_rewriter_para_worker for queue article-input-queue2
2025-04-29 14:11:25 | INFO | PID:10044 | Created new channel
2025-04-29 14:11:25 | INFO | PID:10044 | Declared queue: article-input-queue2
2025-04-29 14:11:25 | INFO | PID:10044 | Available workers: ['url_rewriter_para_worker']
2025-04-29 14:11:25 | INFO | PID:10044 | Found worker class: UrlRewriterParallelWorker
2025-04-29 14:11:27 | INFO | PID:8180 | Started worker process 10044
2025-04-29 14:11:41 | INFO | PID:8180 | Found 0 existing workers for url_rewriter_para_worker on article-input-queue2
2025-04-29 14:11:41 | INFO | PID:8180 | Scaling to target count: 1 (adding 1 workers)
2025-04-29 14:11:42 | INFO | PID:18212 | Starting worker url_rewriter_para_worker for queue article-input-queue2
2025-04-29 14:11:42 | INFO | PID:18212 | Created new channel
2025-04-29 14:11:42 | INFO | PID:18212 | Declared queue: article-input-queue2
2025-04-29 14:11:42 | INFO | PID:18212 | Available workers: ['url_rewriter_para_worker']
2025-04-29 14:11:42 | INFO | PID:18212 | Found worker class: UrlRewriterParallelWorker
2025-04-29 14:11:44 | INFO | PID:8180 | Started worker process 18212
